
--  >dom----------
|.. 0
|.. |..0.52
|.. |..|..0.76
|.. |..|..|..0.88
|.. |..|..|..|..0.97
band
band
$atleast, >d, $done_percent, <ep, $learning_curve, <np, $nprod, $optimism, $pomposity, $productivity_exp, $productivity_new, $r, $to, $ts, >dom, !klass
4.54,2.91,8.77,20.01,22.4,5.99,0.62,10.43,28.01,1.93,0.01,608.86,32.84,23.27,0,520
5.96,32.76,7.62,17.54,77.73,18.46,0.5,34.89,61.26,4.64,0.82,962.5,52.13,2.73,0,..0.97
4.75,3.49,1.74,12.9,52.99,13.1,0.1,67.92,85.85,8.46,0.13,442.27,15.85,37.04,0,..0.97
8.98,8.42,9.53,17.85,68.38,18.15,0.13,35.8,62.24,4.21,0.94,760.24,17.28,46,0,..0.97
7.74,14.38,7.5,9.24,93.05,16.76,0.66,23.17,0.45,6.69,0.03,923.57,43.22,33.5,0,..0.97
7.79,9.51,0.19,19.83,33.9,8.17,0.3,51.08,98.3,2.16,0.68,747.63,75.39,47.31,0,..0.97
1.24,15.75,2.52,29.85,24.36,8.15,0.64,99.94,14.11,2.58,0.01,157.78,5.65,14.88,0,..0.97
9.28,17.99,3.37,27.03,31.33,10.97,0.17,19.24,85.7,8.74,0.85,723.21,6.49,33.62,0,..0.97
0.24,6.84,0.65,14.02,69.53,16.98,0.18,64.56,14.54,6.19,0.18,528.86,60.72,5.45,0,..0.97
5.8,7.85,2.03,15.18,84.66,14.82,0.13,86.77,73.68,4.41,0.68,390.95,29.6,16.06,0,..0.97
4.31,4.05,1.1,29.19,14.16,2.81,0.13,45.75,15.34,4.87,0.34,554.01,32.7,37.8,0,..0.97
8.65,19.71,9.21,25.69,23.1,7.31,1.48,12.62,82.76,2.05,0.1,583.44,36.34,84.6,0,..0.97
8.08,27.87,4.89,7.66,73.1,13.34,3.59,95.97,68.65,5.93,0.09,123.37,50.2,81.86,0.01,..0.97
0.29,25.43,9.23,31.94,6.54,0.06,0.45,66.52,64.68,5.07,0.77,132.72,38.87,67.65,0.01,..0.97
3.73,23.04,4.79,12.82,74.8,18.18,1.09,0.76,89.43,3.99,0.19,394.05,85.39,83.17,0.01,..0.97
5.36,7.29,3.99,12.57,62.68,17.43,0.26,13.16,88.02,2.95,0.66,572.95,30.47,69.07,0.01,..0.97
0.69,10.76,1.29,12.23,68.15,18.77,0.42,91.74,56.22,9.75,0.16,386.15,18.54,46.02,0.01,..0.97
0.16,31.93,0.83,16.78,68.49,16.22,2.59,21.04,7.07,1.05,0.15,584.34,25.8,67.4,0.01,..0.97
4.99,6.5,0.54,14.99,51.56,14.01,0.13,26.84,27.51,9.9,0.11,504.59,5.14,25.15,0.01,..0.97
4.22,11.46,0.46,9.61,92.97,20.39,0.37,0.44,84.04,4.57,0.7,831.95,68.8,82.37,0.01,..0.97
4.95,9.18,4.49,16.88,26.25,7.12,1.03,65.19,76.23,8.1,0,126.89,43.84,84.9,0.02,..0.97
1.99,1.6,5.68,15.68,23.4,5.32,0.14,88.44,8.46,4.8,0.22,701.93,61.92,56.74,0.02,..0.97
5.45,10.34,8.44,10.96,54.88,11.04,0.4,72.34,91.35,7.16,0.14,94.99,16.42,37.97,0.02,..0.97
9.93,4.42,8.31,17.94,31.77,8.06,0.15,32.34,14.76,3.72,0.24,984.74,78.71,63.8,0.02,..0.97
7.97,39.47,3.07,11.73,75.68,18.27,3.2,63.14,3.56,2.25,0.2,391.19,98.6,66.77,0.02,..0.97
4.88,14.46,6.16,14.76,37.33,10.24,0.9,41.67,8.29,1.93,0.53,689.07,95.15,75.83,0.02,..0.97
3.02,48.76,3.97,16.18,99.34,20.82,1.8,23.27,21.77,2.51,0.15,478.59,25.16,59.82,0.02,..0.97
5.15,15.93,1.84,14.46,62.2,10.54,0.25,30.13,38.5,7.49,0.13,268.67,35.13,83.68,0.02,..0.97
0.06,13.81,9.02,13.47,57.51,9.53,0.49,9.99,15.18,3.08,0.36,341.83,74.52,10.14,0.02,..0.97
4.63,44.06,6.63,10.39,86.44,20.61,1.65,46.72,20.81,4.36,0.61,9.7,28.93,91.83,0.03,..0.97
9.22,12.54,1.54,14.73,45.46,8.27,0.7,49.45,48.81,2.4,0.04,309.82,74.28,47.43,0.03,..0.97
5.45,14.45,6.27,20.31,32.1,9.69,0.33,92.25,90.3,6.95,0.36,713.91,32.66,57.2,0.03,..0.97
9.05,13.7,1.83,7.6,56.06,9.4,1.18,97.94,73.25,1.68,0.58,557.15,37.12,19.38,0.03,..0.97
2.31,15.43,0.66,18.77,17.44,3.23,1.34,32.44,39.72,1.54,0.39,514.58,77.16,54.66,0.03,..0.97
6.71,26.43,2.3,14.41,51.07,10.59,1.98,21.27,95.57,2.19,0.01,916.31,8.94,3.4,0.03,..0.97
8.56,8.67,1.12,18.43,29.46,9.57,0.35,15.66,88.41,1.48,0.79,456.35,11.26,96.85,0.03,..0.97
4.83,24.65,3.38,15.7,50.63,13.3,1.55,49.5,65.4,2.49,0.13,34.66,13.65,85.3,0.03,..0.97
9.17,9.16,7.95,10.85,70.26,11.15,0.23,56.35,16.54,5.47,0.59,30.89,74.47,51.21,0.04,..0.97
6.59,26.07,7.89,18.12,62.15,14.88,1.68,45.29,14.79,1.39,0.11,488.77,3.36,33.38,0.04,..0.97
6.71,39.65,4.63,14.59,79.52,12.41,0.78,47.03,10.4,4.84,0.38,168.94,6.5,94.86,0.04,..0.97
6.76,4.48,4.39,11.56,42.77,6.44,0.57,37.73,1.96,1.25,0.08,87.88,23.87,35.64,0.04,..0.97
3.57,17.37,8.66,28.93,6.62,0.07,0.51,61.86,17.36,3.74,0.56,757.79,74.9,16.99,0.04,..0.97
1.95,24.52,5.65,26.87,17.29,4.13,0.52,26.82,75.81,4.43,0.89,909.07,8.99,99.33,0.04,..0.97
1.15,19.69,0.16,10.31,77.27,15.69,1.1,0.19,10.01,3.31,0.34,870.94,37.82,64.35,0.04,..0.97
1.82,3.7,5.37,12.41,59.72,14.59,0.19,50.21,43.23,3.66,0.24,530.99,13.03,93.64,0.04,..0.97
8.62,29.2,0.02,13.86,71.03,17.14,0.59,58.19,73.73,6.46,0.65,573.88,21.87,5.06,0.04,..0.97
6.89,20.2,7.72,16.19,34.46,5.81,0.32,37.14,28.23,6.35,0.83,768.73,66.74,28.08,0.04,..0.97
7.07,2.16,0.18,11.21,35,3.79,0.12,86.79,54.37,1.2,0.68,366.11,7.1,10.31,0.04,..0.97
8.32,11.09,6.65,6.79,76.23,12.21,1.03,20.81,21.31,2.42,0.45,504.06,81.61,44.74,0.04,..0.97
2.33,36.31,0.28,11.43,84.29,10.57,0.93,80.34,61.08,4.69,0.35,730.96,9.29,97.08,0.05,..0.97
5.12,4.78,7.94,5.6,64.09,4.4,0.8,44.64,55.61,1.75,0.01,696.72,71.76,31.77,0.05,..0.97
5.53,46.66,3.11,14.74,53.16,14.26,4.9,76.8,54.2,2.29,0.01,796.83,21.43,7.2,0.05,..0.97
8.83,24.6,8.61,17.88,53.16,13.12,0.8,64.02,61,3.16,0.22,871.33,65.88,47.78,0.05,..0.97
1.39,38.79,6.38,16.71,42.35,12.29,2.18,27.34,29.07,4.21,0.02,281.38,28.99,94.93,0.05,..0.97
5.02,2.55,1.51,10.12,71.21,11.88,0.22,16.7,60.33,1.06,0.28,743.25,48.05,68.24,0.05,..0.97
4.6,5.8,6.77,24.56,1.5,0,0.17,60.41,48.78,2.94,0.65,515.26,68.3,4.25,0.05,..0.97
2.59,21.42,5.42,10.19,66.52,12.81,0.91,30.8,65.2,3.22,0.64,959.53,45.34,54.75,0.06,..0.97
7.15,21.62,4.91,12.49,49.09,12.51,1,97.15,2.61,7.45,0.25,670.98,23.69,43.92,0.06,..0.97
9.6,9.94,2.55,14.08,38.99,6.92,0.94,28.75,74.01,1.22,0.17,706.98,22.67,73.22,0.06,..0.97
3.47,100,1.22,8.8,33.71,26.2,2.13,80.33,70.59,6.01,0.43,118.97,79.47,9.97,0.06,..0.97
9.77,10.06,0.18,7.69,57.12,8.31,0.74,35.65,19.36,1.72,0.67,638.75,58.13,53.85,0.06,..0.97
3.81,20.06,3.74,10.81,85.99,14.19,0.91,57.29,96.6,2.66,0.42,104.93,73.25,5.5,0.06,..0.97
2.47,19.9,4.86,7.67,98.76,16.33,2.81,20.02,13.57,1.76,0.15,708.04,88.13,1.18,0.06,..0.97
8.24,37.34,7.86,11.94,64.64,17.06,2.07,51.17,5.5,6.27,0.2,449.77,86.8,39.52,0.06,..0.97
9.09,30.87,2.97,26.28,2.36,0,1.35,72.86,11.89,6.42,0.45,208.26,48.93,38.32,0.06,..0.97
7.06,27.9,1.09,29,5.16,0,0.37,27.88,75.42,7.4,0.71,895.18,97.63,7.99,0.06,..0.97
8.35,62.33,4.09,15.73,46.7,15.27,3.12,74.49,35.94,9.89,0,767.88,53.56,51.59,0.07,..0.97
5.12,38.07,3.56,14.88,48.02,9.12,2.13,43.37,16.36,1.67,0.36,394.75,21.62,87.27,0.07,..0.97
0.05,58.38,2.85,18.94,56.14,17.06,3.19,83.24,58.94,1.49,0.27,704.98,72.08,12.83,0.07,..0.97
4.27,10.33,8.67,8.08,65.83,8.92,0.71,2.76,54.39,3.36,0.22,801.33,3.84,30.12,0.07,..0.97
0.03,11.04,1.43,15.97,25.81,3.03,0.16,25.8,28.45,6.64,0.52,915.35,85.89,99.11,0.07,..0.97
7.61,20.89,9.3,7.45,54.86,7.55,1.04,51.31,21.1,6.41,0.53,212.81,54.97,54.44,0.07,..0.97
0.03,47.97,9.34,20.5,23.05,6.5,2.6,11.18,37.47,4.84,0.34,417.82,50.97,72.63,0.07,..0.97
3.85,25.18,0.17,19.26,33.79,7.74,0.26,46.85,40.47,9.66,0.84,677.89,25.58,78.68,0.07,..0.97
6.18,3.18,9.74,15,4.64,0,0.18,87.45,70.47,5.87,0.29,417.89,98.45,64.2,0.07,..0.97
2.16,6,5.66,8.46,92.12,6.54,0.19,27.72,71.17,4.16,0.55,749.13,92.52,41.58,0.07,..0.97
0.29,50.59,2.98,13.02,59.45,16.98,4.36,40.73,19.21,4.76,0.07,628.18,85.7,44.77,0.07,..0.97
3.95,23.17,8.4,26.75,8.39,0.25,0.34,11.26,40.2,7.11,0.13,757.63,36.85,52,0.07,..0.97
8.41,29.79,7.46,8.65,90.81,17.35,4.38,68.99,25.26,2.6,0.06,287.67,67.11,90.41,0.08,..0.97
4.15,55.63,9.99,13.27,77.79,15.73,1.22,79.11,33.67,6.18,0.37,222.88,90.32,86.64,0.08,..0.97
4.34,43.32,8.08,18.39,30.07,7.61,1.62,9.42,75.35,4.67,0.14,569.16,98.73,39.08,0.08,..0.97
4.83,5.87,1.53,5.62,85.84,6.38,0.71,58.05,86.35,2.27,0.04,612.71,21.61,29.37,0.08,..0.97
9.66,69.36,9.92,12.67,55.28,16.33,3.78,75.18,56.69,6.17,0.43,121.27,18.75,61.77,0.08,..0.97
9.37,72.16,5.19,19.09,55.26,16.91,1.46,78.64,49.13,6.78,0.05,298.27,71.97,21.72,0.08,..0.97
0.52,40.32,4.41,15,30.53,7,2.88,42.56,39.52,1.23,0.54,675.45,70.06,2.21,0.08,..0.97
2.13,5.53,1.73,15,4.67,0,0.22,64.6,88.68,2.89,0.84,862.53,69.04,74.08,0.08,..0.97
5.44,12.69,4.34,12.87,8.15,0.13,2.04,0.2,61.67,2.07,0.16,978.18,66.11,80.81,0.08,..0.97
1.66,46.51,4.96,20.07,21.68,5.93,2.33,8.82,89.28,8.72,0.44,370,21.86,72.17,0.08,..0.97
9.64,3.02,9.53,11.78,9.23,0.22,0.12,14.54,81.09,9.05,0.1,241.1,6.94,96.47,0.08,..0.97
0.96,50.83,3.28,9.47,87.14,18.53,2.35,84.64,54.37,4.8,0.45,710.18,86.98,60.49,0.08,..0.97
4.34,49.2,0.57,20.12,39.95,9.88,1.63,94.71,81.41,2.03,0.56,285.23,42.61,23.61,0.08,..0.97
4.08,1.32,5.2,8.74,33.57,5.26,0.17,0.21,58.4,2.67,0.1,915.81,73.77,99.61,0.08,..0.97
3.25,12.21,8.72,7.02,50.48,4.98,2.09,89.98,33.91,1.16,0.21,94.1,78.49,66.93,0.09,..0.97
4.35,3.52,7.12,8.54,36.08,3.46,0.29,52.08,74.6,1.29,0.8,126.75,81.01,2.03,0.09,..0.97
3.63,21.1,0.8,15.28,37.89,11.72,6.49,75.21,26.45,2.19,0.04,293.27,73.56,77.41,0.09,..0.97
7,1.74,1.73,3.23,50.5,2.77,0.11,77.54,4.8,6.54,0.87,637.46,92.23,32.23,0.09,..0.97
2.15,77.23,6.01,33.44,9.17,0.56,2.47,14.11,57.18,3.24,0.2,424.61,52.7,47.36,0.09,..0.97
8.12,27.78,5.05,11.48,86.19,8.52,1.77,23.05,53.88,1.51,0.27,6.04,43.71,10.77,0.09,..0.97
6.6,13.99,0.85,5.62,82.14,8.38,0.69,97.13,18.34,9.3,0.07,474.47,96.23,35.67,0.09,..0.97
4.57,47.9,0.63,6.99,96.7,14.01,4.8,59.21,80.67,2.9,0.21,318.94,6.42,85.1,0.09,..0.97
1.37,50.57,5.58,9.12,90.47,15.88,1.86,64.42,94.51,2.46,0.88,584.72,4.06,77.72,0.09,..0.97
8.82,100,6.87,7.8,35.04,27.2,2.42,48.5,91.1,9.87,0.21,574.78,17.8,83.93,0.1,..0.97
8.51,13.93,4.53,7.73,54.6,9.27,2.65,39.63,57.06,4.05,0.06,950.14,42.25,81.02,0.1,..0.97
2.75,57.99,7.06,24.26,23.63,6.74,2.03,41.22,53.28,2.17,0.61,383.42,96.05,76.23,0.1,..0.97
7.5,100,8.42,9.4,69.79,27.6,8.92,45.57,24.14,8.55,0.2,781.1,7.11,35.45,0.1,..0.97
3.67,24.34,6.76,9.73,71.59,7.27,0.53,66.3,38.51,7.18,0.1,340.52,52.32,93.73,0.1,..0.97
2.09,17.99,7.84,11.32,47.26,11.68,2.84,19.32,66.71,1.56,0.21,747.07,45.4,92.8,0.1,..0.97
0.85,24.65,5.89,13.41,44.18,6.59,0.76,29.75,72.56,3.63,0.53,410.02,68.28,36.58,0.1,..0.97
1.51,100,9.44,7.33,88.73,28.67,4.13,56.36,45.63,7.42,0.81,545.17,20.78,12.9,0.1,..0.97
6.31,13.05,6.45,8.4,48.94,7.6,4.57,55,82.92,1.32,0,22.65,43.57,13.94,0.1,..0.97
4.16,22.46,2.06,8.52,49.66,5.48,2.36,50.4,97.08,1.43,0.35,862.13,25.88,86.38,0.1,..0.97
6.4,56.59,7.97,26.82,16.91,3.18,1.61,59.61,1.96,1.9,0.84,910.47,84.3,44.41,0.1,..0.97
7.82,57.01,2.92,10.41,72.23,16.59,1.93,44.6,76.45,8.2,0.51,392.33,93.06,59.71,0.1,..0.97
8.21,8.23,9.96,5.41,51.36,5.59,0.47,85.2,26.55,6.48,0.97,141.47,82.17,11.68,0.11,..0.97
1.92,100,3.56,8.4,72.89,28.6,8.72,96.25,66.58,5.57,0.34,87.6,63.08,53.93,0.11,..0.97
3.17,62.63,1.37,13.23,70.52,15.77,2.43,35.93,8.98,2.57,0.53,72.53,92.34,34.05,0.11,..0.97
8.86,49.08,9.39,14.13,51.46,12.87,1.03,36.67,37.32,7.38,0.76,175.84,28.2,64.48,0.11,..0.97
9.78,54.65,1.91,19.77,36.51,12.23,0.95,40.09,35.61,8.57,0.83,86.41,21.95,93.7,0.11,..0.97
6.83,26.68,3.88,10.77,46.2,5.23,1.46,39.49,61.89,1.61,0.86,546.29,18.86,11.12,0.11,..0.97
7.48,74.29,2.37,37.04,1.11,0,4.77,71.78,27.62,2.84,0.39,791.12,74.47,22,0.11,..0.97
0.87,11.33,8.22,5.59,50.13,4.41,0.93,78.95,4.11,2.27,0.89,33.77,42.9,75.9,0.11,..0.97
8.62,7.76,1.73,6,82.77,7,0.42,33.12,98.99,3.19,0.67,8.59,3.45,49.02,0.11,..0.97
4.02,26.19,0.56,10.07,78.6,8.93,0.67,64.97,42.9,4.81,0.73,686.46,91.9,54.8,0.11,..0.97
4.93,49.68,7.46,12.47,51.32,14.53,2.14,84.13,27.33,3.11,0.77,355.37,43.67,89.29,0.11,..0.97
2.59,81.62,5.53,19.29,44.28,13.71,1.9,17.81,8.03,6.18,0.2,711.91,19.83,91.74,0.11,..0.97
3.75,24.26,4.59,11.31,73.73,4.69,0.89,48.69,1.37,2.77,0.21,225.97,53.94,90.02,0.11,..0.97
2.48,66.51,1.89,14.15,58.67,13.85,1.28,52.07,37.96,8.77,0.32,0,9.09,50.02,0.11,..0.97
5.48,100,5.71,7.64,42.32,26.36,7,99.02,2.76,4.11,0.43,634.03,81.21,6.92,0.11,..0.97
7.97,100,8.58,14.2,5.58,23.8,5.84,32.03,75.86,4.45,0.15,494.02,88.12,91.04,0.12,..0.97
7.85,100,4.61,7.44,66,28.56,7.75,47.17,54.2,5.43,0.57,0.6,44.62,34.23,0.12,..0.97
0.68,69.44,0.03,8.01,97.87,19.99,8.54,6.27,33.27,7.59,0.02,442.39,54.26,13.84,0.12,..0.97
3.47,4.27,4.33,5.69,61.35,4.31,0.39,76.55,92.8,1.86,0.53,81.16,24.77,22.36,0.12,..0.97
8.97,12.21,2.03,16.55,11.23,0.45,0.38,46.33,45.17,3.02,0.64,17.78,47.08,26.12,0.12,..0.97
2.93,58.59,2.98,15.87,83.2,16.13,2.47,37.27,27.47,1.69,0.37,722.25,8.47,93.86,0.12,..0.97
7.06,6.75,4.16,8.55,16.82,0.45,0.26,10.01,72.51,4.01,0.56,220.12,31.96,65.09,0.12,..0.97
4.11,54.43,1.02,15.63,55.53,16.37,1.08,31.35,85.14,7.76,0.68,31.46,94.84,4.85,0.12,..0.97
7.17,15.74,8.14,4.67,72.84,7.33,1.78,56.33,67.69,8.33,0,96.45,28.02,95.85,0.12,..0.97
3.85,40.24,5.15,9.74,54.49,9.26,2.39,76.1,42.3,1.9,0.68,902.37,85.27,60,0.12,..0.97
5.97,100,4.5,9.96,30.26,28.04,9.14,31.4,21.52,1.57,0.62,0,12.02,2.04,0.13,..0.97
7.46,52.88,3.83,27.93,6.69,0.07,1.38,68.27,38.17,6.32,0.29,572.97,24.88,8.64,0.13,..0.97
6.3,62.52,2.43,15.84,62.14,11.16,1.6,39.53,0.15,2.89,0.7,138.01,88.03,93.81,0.13,..0.97
4.78,100,7.34,8.51,52.81,26.49,5.96,43.84,10.57,1.61,0.91,445.36,10.52,41.6,0.13,..0.97
8.38,2.43,9.49,5.25,48.05,3.75,0.26,0.98,53.92,2.25,0.19,976.44,9.39,3.85,0.13,..0.97
8.62,22.98,3.32,7.46,48.33,7.54,9.78,62.73,65.9,2.27,0,600.74,17.48,61.22,0.13,..0.97
1.19,70.03,9.76,12.12,68.62,16.88,3.94,48.99,16.06,2.35,0.41,840.38,15.58,27.66,0.13,..0.97
8.28,22.88,0.12,10.81,78.91,6.19,1.24,67.07,98.82,1.83,0.42,902.3,24.72,46.32,0.14,..0.97
4.74,100,0.23,6.65,43.2,27.35,6.29,2.16,70.77,1.94,0.34,584.71,43.81,30.4,0.14,..0.97
0.63,14.49,6.58,15.86,8.08,0.14,1.88,85.93,25.24,1.17,0.31,559.14,83.59,48.61,0.14,..0.97
9.84,100,6.42,9.85,31.88,26.15,7.08,37.29,99.94,6.19,0.74,12.08,89.49,7.44,0.14,..0.97
1.56,100,9.49,5.93,31.21,28.07,8.12,60.13,8.77,6.81,0.01,162.84,61.71,34.23,0.14,..0.97
5.7,100,9.77,9.68,39.65,26.32,4.78,3.93,48.7,2.77,0.51,454.61,33.04,8.63,0.14,..0.97
1.88,100,8.06,6.89,32.57,28.11,4.83,76.47,71.38,5.27,0.17,326.21,77.65,4.16,0.14,..0.97
8.92,100,9.9,7.55,52.71,28.45,4.61,80.22,78.45,8.6,0.75,716.61,25.65,70.59,0.14,..0.97
2.29,61.25,5.42,16.34,52.79,9.66,0.98,94.36,77.27,5.79,0.61,624.12,57.93,40.34,0.14,..0.97
1.9,100,5.1,8.47,59.94,27.53,3.66,52.23,6.45,2.77,0.91,323.24,77.91,44.74,0.15,..0.97
5.96,100,0.16,7.3,90.29,26.7,8.01,1.78,7.31,9.44,0.69,50.18,90.96,22.91,0.15,..0.97
6.23,100,0.89,4.38,76.14,28.62,5.45,52.88,79.15,2.61,0.71,24.14,54.86,77.2,0.15,..0.97
7.58,10.93,7.92,7.77,2.37,0,1.83,59.23,57.94,2.94,0,245.68,41,95.34,0.15,..0.97
7.53,100,4.59,9.38,70.8,26.62,3.64,57.41,11.6,4.48,0.78,815.38,45.25,53.75,0.15,..0.97
9.38,40.66,7.43,5.47,83.38,10.53,5.32,74.18,51.25,2.38,0.35,516.96,54.34,82.11,0.15,..0.97
8.46,84.55,7.67,11.79,78.46,19.21,3.56,81.55,54.42,6.45,0.15,545.79,87.52,63.74,0.16,..0.97
6.26,100,3.84,8.39,69.93,26.61,3.63,43.79,74.2,6.78,0.31,344.71,75.39,70.25,0.16,..0.97
5.49,5.78,6.55,10.78,10.39,0.22,0.61,78.55,59.55,1.52,0.11,147.87,21.58,39.05,0.16,..0.97
3.07,65.71,1.73,10.73,76.14,16.27,2.27,73.51,5.1,9.44,0.02,560.3,96.73,10.39,0.16,..0.97
1.35,100,6.32,11.34,8.69,25.66,6.13,88.35,76.88,9.81,0.17,228.4,52.02,28.92,0.16,..0.97
3.93,100,1.71,4.39,74.31,28.61,7.09,26.03,93.93,4.66,0.08,821.67,9.08,26.79,0.16,..0.97
5.09,100,4.58,9.68,41.47,27.32,7.45,5.42,79.55,6.01,0.2,562.07,56.16,84.61,0.16,..0.97
6.09,100,0.68,8.49,18.17,25.51,8.33,85.86,67.39,1.78,0.54,671.24,30.9,25.67,0.16,..0.97
7.38,100,4.48,7.68,17.27,27.32,5.03,79.75,9.87,8.74,0.24,20.49,10.69,32.11,0.16,..0.97
1.04,100,6.31,8.32,83.28,26.68,5.55,2.24,91.6,9.3,0.82,711.59,26.91,79.17,0.16,..0.97
7.86,22.01,7.53,4.98,93.39,8.02,1,53.29,67.33,7.75,0.53,613.76,34.07,54.23,0.16,..0.97
5.12,100,8.88,7.61,46.01,27.39,5.94,67.71,16.71,3.49,0.69,526.07,13.85,76.65,0.17,..0.97
3.5,100,9.55,8.3,88.84,26.7,5.61,98.38,13.88,8.61,0.69,823.8,14.14,15.77,0.17,..0.97
7.54,100,2,6.55,52.81,28.45,3.24,47.35,52.4,7.94,0.7,632.45,53.31,10.23,0.17,..0.97
3.49,100,3.33,6.02,26.46,25.98,4.33,36.61,25.31,1.31,0.96,869.44,37.77,57.64,0.17,..0.97
0.51,100,0.76,8.34,76.68,25.66,1.96,78.44,24.59,9.1,0.9,567.28,43.16,96.52,0.17,..0.97
3.85,100,5.44,9.61,47.93,28.39,5.55,23.53,95.94,5.73,0.01,216.64,39.19,59.65,0.17,..0.97
9.43,64.93,4.24,9.39,68.86,15.61,4.46,58.75,58.16,2.77,0.49,736.83,66.23,5.79,0.17,..0.97
0.37,6.17,7.04,2.93,47.61,1.07,1.2,0.16,27.09,1.38,0.98,403.36,36.27,60.97,0.18,..0.97
5.07,100,1.64,7.57,47.07,26.43,8.89,54.15,14.6,4.84,0.97,0,15.75,47.36,0.18,..0.97
6.23,58.1,0.65,14.09,77.19,10.91,2.73,46.25,11.2,1.11,0.69,68.59,57,97.65,0.18,..0.97
8.74,33.84,5.3,8.36,54.74,4.64,1.88,53.37,20.83,3.51,0.03,0,90.27,28.69,0.18,..0.97
5.93,100,9.73,10.79,7.66,25.21,1.54,57.63,20.43,9.74,0.95,0,12.34,96.26,0.18,..0.97
9.25,100,3.01,7.57,47.07,26.43,4.39,13.56,36.33,7.37,0.22,112.92,44.14,50.77,0.18,..0.97
4.2,56.64,2.95,10.54,78.41,16.46,3.49,88.13,9.43,4.12,0.15,647.15,83.81,49.81,0.18,..0.97
8.81,100,6.62,9.91,9.63,25.09,8.46,39.72,48.7,1.94,0.93,332.99,40.23,38.58,0.18,..0.97
5.08,100,2.69,4.58,49.86,28.42,7.94,55.21,67.74,7.51,0.32,245.04,17.64,35.12,0.18,..0.97
5.45,39.51,5.76,8.94,62.1,8.06,2.44,74.91,79.39,3.4,0.18,189.97,88.32,12.44,0.18,..0.97
4.69,31.6,7.46,4.63,89.92,9.37,5.63,17.94,95.07,4.45,0.08,402.99,85.44,74.89,0.18,..0.97
1.34,100,5.5,7.41,70.95,28.59,4.72,92.45,32.27,2.65,0.54,451.5,50.89,21.56,0.18,..0.97
3.38,100,1.74,6.96,29.1,27.04,2.27,26.64,35.02,4.66,0.87,12.94,7.88,42.68,0.18,..0.97
0.56,100,4.35,4.37,77.44,28.63,8.18,37.69,51.9,3.65,0.06,246.91,63.86,66.1,0.19,..0.97
4.87,28.78,3.41,10.84,64.63,3.16,0.31,71.07,17.47,9.78,0.72,644.96,83.55,89.25,0.19,..0.97
9.35,100,5.52,6.57,47.59,26.43,4.33,90.99,58.93,5.29,0.85,546.46,15.79,40.04,0.19,..0.97
7.83,100,4.4,7.99,28.16,27.01,6.31,15.6,15.61,4.51,0.59,563.05,23.37,38.42,0.19,..0.97
8.92,46.65,0.01,12.57,58.63,8.43,0.83,4.74,79.27,6.58,0.69,569.01,89.25,17.28,0.19,..0.97
4.44,100,6.52,8.98,26.46,25.02,3.89,77.5,38.76,2.84,0.77,391.74,12.06,29.12,0.19,..0.97
6.09,1.44,8.31,2.97,28.63,1.03,0.59,9.92,41.55,1.47,0.3,151.08,82.15,55.79,0.19,..0.97
1.6,100,5.26,7.37,76.39,27.63,4.69,93.87,63.84,8.51,0.02,266.3,55.87,41.67,0.19,..0.97
0.31,100,1.5,10.37,10.99,23.63,8.21,55.71,63.48,5.93,0.54,0,38.52,2.95,0.19,..0.97
1.15,47.72,6.74,11.85,55.11,8.15,2.34,45.53,33.13,2.63,0.31,554.98,98.78,47.61,0.19,..0.97
7.95,5.53,4.51,5.46,85.41,3.54,0.34,89.59,16.71,3.22,0.13,829.29,73.02,42.61,0.19,..0.97
0.83,100,8.18,7.71,39.52,27.29,4.33,44.19,26.65,4.15,0.15,798.75,44.15,87.48,0.2,..0.97
2.8,100,9.11,4.38,73.95,27.62,4.95,36.04,52.97,8.05,0.32,603.59,51.84,43.59,0.2,..0.97
7.9,100,3.77,8.26,98.86,25.74,7.64,5.25,27.77,1.46,0.88,893.76,75.3,22.92,0.2,..0.97
5.88,23.74,6.49,7.64,73.64,7.36,0.66,96.51,72.13,6.34,0.9,196.33,79.14,7.09,0.2,..0.97
2.74,53.09,2.84,9.29,62.77,13.71,3.16,87,79.03,7.75,0.4,475.39,27.92,77.73,0.2,..0.97
5.72,100,5.05,6.66,42.29,27.34,5.73,43.93,59.9,3.9,0.15,100.75,46.53,98.07,0.2,..0.97
2.73,100,5.44,8.64,17.65,27.36,3.48,14.27,15.09,6.05,0.91,636.97,69.31,7.34,0.2,..0.97
2.85,100,8.99,8.38,68.28,25.62,7.15,48.44,54.46,7.13,0.74,6.22,96.68,6.55,0.2,..0.97
7.97,100,2.84,5.93,29.02,26.07,3.42,74.15,4.24,5.45,0.64,532.49,73.89,87.02,0.2,..0.97
7.66,56.61,5.04,20.96,19.12,4.04,3.01,57.45,86.63,4.29,0.07,177.26,46.68,96.28,0.21,..0.97
1.83,100,3.59,8.48,17.51,24.52,6.3,68.95,84.41,5.23,0.74,773.82,32.77,37.76,0.21,..0.97
6.25,100,8.88,11.86,8.73,22.14,8.54,12.3,43.07,8.94,0.48,0,39.14,36,0.21,..0.97
6.87,100,0.1,8.99,14.09,26.01,9.58,93.42,98.99,7.58,0.9,591.75,65.73,37.93,0.21,..0.97
1.02,6.07,5.65,3.58,34.63,0.42,0.68,82.23,48.47,2.35,0.62,469.89,15.79,97.33,0.21,..0.97
3.06,100,8.59,4.33,87.68,28.67,7.46,31.11,87.87,9.45,0.04,0,1.84,30.56,0.22,..0.97
5.98,24.82,7.46,13.88,9.01,0.12,1.99,61.23,26.96,1.24,0.42,840.76,40.45,67.01,0.22,..0.97
7.5,68.77,2.09,28.9,6.87,0.1,4.75,64.38,97.16,1.4,0.46,0,1.97,28.24,0.22,..0.97
8.99,100,9.25,8.39,67.3,25.61,4.7,84.65,48.14,4.45,0.34,302.74,75.19,93.72,0.23,..0.97
8.67,60.1,0.87,12.35,68.12,11.65,3.49,64.42,98.53,2.77,0.02,0,67.39,36.67,0.23,..0.97
7.73,86.73,2.99,14.16,71.42,17.84,4.06,84.97,7.52,2.24,0.37,147.88,4.37,62.04,0.23,..0.97
2.2,49.97,6.04,10.71,79.88,8.29,1.58,26.91,68.85,3.55,0.55,116.38,67.39,60.62,0.23,..0.97
1.57,50.57,6.39,19.54,15.38,2.46,2.47,4.77,22.87,8.73,0.15,924.31,25.12,3.56,0.23,..0.97
2.59,27.61,4.61,5.65,47.92,5.35,2.24,88.07,85.2,4.24,0.77,329.28,90.81,70.67,0.23,..0.97
1.62,100,3.03,13.25,4.16,19.75,8.3,45.65,27.8,1.13,0.16,828.06,21.11,80.78,0.23,..0.97
3.18,100,4.23,2.46,63.54,28.54,7.07,98.91,24.3,5.36,0.67,225.91,46.74,54.67,0.23,..0.97
2.82,100,5.23,7.26,95.57,24.74,7.67,6.67,81.49,8.71,0.52,576.24,1.94,63.47,0.23,..0.97
1.42,100,0.34,9.02,12.86,23.98,8.13,50.83,61.06,8.5,0.22,783.11,62.68,81.14,0.23,..0.97
1.91,19.62,1.81,4.9,83.31,2.1,0.53,6.56,94.73,8.44,0.52,358.77,63.57,98.64,0.23,..0.97
3.4,100,2.91,8.67,37.44,24.33,9.55,86.76,10.43,6.44,0.04,659.36,55.57,60.42,0.24,..0.97
7.51,23.78,4.11,7.31,35.54,4.69,2.14,36.87,66.95,5.94,0.46,643.85,3.06,15.13,0.24,..0.97
7.98,100,5.25,9.25,4.64,22.75,7.21,89.03,98.79,9.68,0.41,82.77,2.17,46.78,0.24,..0.97
8.78,15.1,1.27,2.13,88.65,2.87,2.8,3.44,6.38,3.5,0.46,945.23,83.68,20.24,0.24,..0.97
7.86,100,2.45,32.2,1.25,5.8,7.37,71.2,61.77,8.24,0.18,684.13,85.36,8.84,0.24,..0.97
7.39,100,7.87,8.46,52.29,23.54,3.34,88.32,19.85,8.55,0.99,810.42,64.55,26.69,0.24,..0.97
2.43,100,4.52,7.51,52.67,26.49,9.4,49.21,63.99,5.63,0.27,870.87,15.94,94.54,0.24,..0.97
4.39,26.9,8.28,8.6,33.22,2.4,0.8,30.05,38.62,5.6,0.91,422.54,32.89,58.16,0.24,..0.97
2.76,100,3.9,8.49,53.17,25.51,7.33,21.15,31.42,9.8,0.22,183.69,4.59,28.99,0.24,..0.97
7.3,31.26,5.28,13.97,6.97,0.03,0.72,35.71,35.76,6.9,0.15,0,1.65,31.49,0.24,..0.97
7.5,100,2.15,9.28,84.89,23.72,8.77,14.12,19.41,9.2,0.72,126.78,4.45,96.67,0.24,..0.97
2.55,100,6.36,9.72,14.53,23.28,2.59,70.5,76.97,7.97,0.36,690.26,87.67,26.51,0.24,..0.97
4.17,100,8.12,2.34,86.15,28.66,9.09,94.99,59.95,9.59,0.11,273.4,3.54,54.7,0.24,..0.97
4.35,18.93,4.58,6.58,24.58,1.42,0.64,85.3,69.01,8.8,0.57,621.42,17.28,38.36,0.24,..0.97
5.78,54.53,1.84,10.63,61.88,12.37,5.01,25.45,72.32,1.21,0.36,913.06,68.75,73.31,0.24,..0.97
8.91,18.69,4.58,4.38,36.43,2.62,1.99,17.5,51.67,3.04,0.99,551.92,51.49,78.92,0.24,..0.97
5.11,81.96,2.72,18.8,41.64,10.2,0.88,33.77,43.06,9.33,0.84,757.34,17.04,60.92,0.25,..0.97
6.94,100,7.59,7.33,78.88,25.67,4.52,5.21,73.58,8.32,0.86,662.27,42.93,32.26,0.25,..0.97
1.57,100,1.99,6.33,21.87,27.67,5.98,37.31,62.7,3.8,0.03,28.52,73.63,24.75,0.25,..0.97
4.18,68.07,7.77,13.48,49.15,12.52,3.83,17.69,54.78,2.7,0.41,0,95.38,28.79,0.25,..0.97
4.15,100,6.56,5,26.05,25,7.22,17.38,98.22,2.02,0.35,404.54,76.12,23.27,0.25,..0.97
3.48,26.93,0.91,6.68,40.38,3.32,1.04,22.48,68.8,7.71,0.32,751.42,19.05,76.2,0.25,..0.97
9.4,11.08,9.14,5.96,45.91,1.04,1.69,14.78,85.26,1.07,0.4,853.84,14.52,75.36,0.25,..0.97
3.5,100,8.12,8.29,82.46,23.71,6.76,63.71,38.42,9.63,0.89,76.92,76.74,15.15,0.25,..0.97
8.74,27.56,5.35,14.99,5.76,0.01,0.91,26.84,71.26,5.83,0.61,292.32,64.11,83.5,0.25,..0.97
6.05,100,1.14,5.29,91.17,25.71,8.87,7.32,75.48,8.18,0.37,145.25,93.15,83.19,0.26,..0.97
1.06,37.05,6.87,8.16,62.44,6.84,0.85,60.02,76.26,8.25,0.9,956.75,7.02,57.07,0.26,..0.97
6.02,18.73,2.17,2.92,76.68,4.08,1.81,39.32,68.25,8.63,0.24,792.32,21.19,8.22,0.26,..0.97
9.06,54.23,1.53,10.22,69.32,9.78,1.25,96.61,80.55,6.65,0.64,178.32,95.72,64.57,0.26,..0.97
7.35,100,9.31,7.54,44.52,23.46,8.56,14.74,97.76,4.28,0.56,586.02,83.66,60.54,0.26,..0.97
8.03,91.19,4.93,29.8,18.07,5.2,2.17,97.96,71.81,3.23,0.85,544.19,41.03,70.97,0.26,..0.97
1.12,100,7.44,9.62,38.8,23.38,8.94,88.67,12.52,4.86,0.21,398.61,29.4,16.89,0.26,..0.97
3.74,4.89,3.05,1.51,99.38,1.49,0.91,21.61,62.88,5.24,0.02,140.69,22.21,65.21,0.26,..0.97
0.89,100,5.33,5.32,86.86,27.68,5.75,75.38,30.87,5.97,0.22,198.97,18.29,55.48,0.26,..0.97
8.44,100,8.11,7.45,57.37,25.55,9.42,50.56,91.73,4.03,1,734.5,66.12,43.75,0.26,..0.97
1.21,55.16,0.37,12.25,37.81,6.75,3.52,94.1,4.73,1.06,0.75,472.72,85.58,80.61,0.26,..0.97
4.43,10.22,1.82,3.6,39.37,1.4,0.46,44.95,38.97,8.68,0.91,45.73,45.55,72.48,0.27,..0.97
5.95,100,5.4,4.77,36.4,27.23,2.45,81.21,16.21,6.31,0.96,580.34,27.4,57.77,0.27,..0.97
2.94,100,9.51,9.25,89.64,21.75,5.56,62.55,86.09,9.88,0.69,0,50.9,55.11,0.27,..0.97
5.03,74.17,1.52,8.63,77.22,16.37,2.93,87.21,97.63,1.76,0.98,378.53,32.47,63.71,0.27,..0.97
7.7,9,9.2,5.26,98.77,0.74,0.28,23.84,72.7,5.52,0.96,866.58,44.58,58.47,0.27,..0.97
2.57,100,1.47,8.24,94.29,22.76,7.58,94.97,13.62,10,0.7,274.2,12.63,32.36,0.27,..0.97
0.41,100,7.56,3.93,26.91,24.07,4.18,69.96,59.95,4.94,0.58,597.18,22.44,3.2,0.27,..0.97
3.16,100,8.84,3.61,11.1,26.39,9.73,38.64,9.94,7.59,0.18,0,78.27,43.75,0.27,..0.97
3.88,100,1.8,6.61,16.17,24.39,5.4,37.18,39.18,2.23,0.73,151.95,74.19,79.77,0.27,..0.97
2.64,69.27,1.78,7.5,79.71,14.5,4.82,92.38,72.54,8.25,0.29,648.78,41.01,1.12,0.27,..0.97
1.02,100,8.11,12.91,4.89,19.09,7.16,40.8,4.52,8.3,0.05,246.2,20.91,74.3,0.27,..0.97
2.68,100,9.13,8.38,63.22,23.62,7.78,95.95,44.51,2.25,0.92,0,70.34,98.14,0.28,..0.97
3.94,100,5.71,2.66,44.01,28.34,7.59,77.12,1.79,6.55,0.64,0,99.63,58.64,0.28,..0.97
6.43,100,8.23,9.4,54.4,21.6,5.39,43.17,66.47,3.36,0.8,570.73,24.44,84.36,0.28,..0.97
6.76,100,3.74,5.77,36.56,27.23,3.3,19.8,8.96,9.79,0.19,219.27,94.94,19.73,0.28,..0.97
9.88,100,4.3,4.42,62.15,25.58,9.44,66.98,30.37,9.02,0.92,738.07,61.81,24.71,0.28,..0.97
1.42,100,3.44,7.32,72.94,22.68,8.8,4.62,96.75,4.1,0.59,874.87,28.51,48.51,0.28,..0.97
1.28,100,0.56,7.8,33.83,26.2,4.79,9.87,47.89,3.92,0.89,0,26.08,73.17,0.28,..0.97
6.03,100,5.19,8.35,17.03,21.65,10,90.93,50.42,1.23,0.3,170.02,39.31,45.03,0.28,..0.97
1.73,100,5.49,4.57,42.02,23.43,3.81,70.33,52.09,7.07,0.39,0,78.07,25.03,0.29,..0.97
5.63,77.97,8.06,14.62,52.92,11.38,3.17,60.78,89.19,3.33,0.23,393.78,46.3,83.38,0.29,..0.97
5.03,100,6.42,4.41,66.65,26.59,3.99,60.56,73.93,9.59,0.16,886.97,80.57,91.58,0.29,..0.97
5.81,35.98,0.14,10.52,51.44,4.48,1.25,76.34,91.34,3.52,0.49,94.18,83.98,35.8,0.29,..0.97
2.32,81.27,9.89,13.93,60.47,14.07,1.89,55.98,18.5,5.92,0.57,283.31,19.97,50.01,0.29,..0.97
5.32,3.67,5.92,1.42,54.63,0.58,0.52,22.87,42.95,6.23,0.21,369.05,48.16,56.17,0.29,..0.97
3.68,100,2.28,3.3,85.76,25.7,6.92,6.76,2.11,5.64,0.81,688.72,2.33,27.06,0.29,..0.97
8.54,100,1.06,7.16,12.5,24.84,2.09,38.7,99.21,9.15,0.29,194.95,88.91,51.27,0.3,..0.97
9.19,100,9.85,2,28.11,27,8.97,33.89,33.9,8.35,0.8,459.28,38.99,22.05,0.3,..0.97
4.99,100,9.22,3.47,57.6,26.53,6.46,13.18,59.19,9.09,0.46,157.26,18.32,65.77,0.3,..0.97
0.68,30.37,2.68,3.77,90.7,7.23,4.71,88.4,83.84,5.22,0.11,685.37,73.09,50.49,0.3,..0.97
3.77,47.48,2.24,10.38,71.75,6.62,1.21,9.67,51.42,5.06,0.3,67.21,25.93,97.09,0.3,..0.97
1.15,100,3.05,8.35,69.41,23.65,9.76,1.16,13.18,4.65,0.39,603.94,60.66,8.41,0.3,..0.97
6.17,100,6.71,5.65,38.52,24.35,7.4,58.85,62.93,6.89,0.68,45.56,17.4,38.92,0.3,..0.97
6.61,10.09,3.66,2.97,8.4,0.03,2.25,29.17,48.33,3.65,0.28,328.62,14.28,65.08,0.3,..0.97
2.74,100,3.79,4.11,9.32,25.89,6.35,70.2,28.45,6.66,0.78,765.81,25.03,39.8,0.3,..0.97
1.7,60.84,9.36,24.75,8.42,0.25,2.9,26.8,27.71,1.75,0.48,490.26,21.85,57.8,0.31,..0.97
7.97,72.14,8.13,20.11,19.75,4.89,4.06,77.17,52.27,1.99,0.65,626.08,99.41,5.17,0.31,..0.97
4.24,8.86,2.14,4.2,23.47,0.8,0.71,83.72,29.94,5.43,0.21,275.23,31.59,83.4,0.31,..0.97
1.29,100,5.21,9.55,43.42,23.45,3.74,56.81,74.46,7.86,0.99,722.71,75.09,77.92,0.31,..0.97
3,64.44,7.8,23.08,11.53,0.92,1.87,23.83,63.3,2.85,0.83,516.33,89.09,90.55,0.31,..0.97
4.9,100,7.61,8.24,97.6,22.76,4.75,6.85,45.66,4.67,0.51,239.33,44.01,35.52,0.31,..0.97
6.18,100,7.64,7.66,37.77,24.34,1.83,23.7,85.01,7.39,0.19,898.36,95.64,82.96,0.31,..0.97
4.15,26.82,0.53,7.46,68.41,4.54,0.54,97.9,62.76,9.47,0.16,461.11,19.89,62.01,0.31,..0.97
1.76,100,7.67,3.36,78.16,27.64,6.83,70.9,85.28,4.92,0.19,820.58,41.15,8,0.31,..0.97
9.14,100,0.44,7.61,37.56,22.39,2.09,5.06,19.85,9.18,0.53,668.17,57.71,2.6,0.31,..0.97
3.54,100,8.24,3.15,24.34,26.85,8.13,57.32,75.1,9.65,0.98,0,77.51,19.04,0.31,..0.97
8.56,100,9.5,10.21,19.08,21.79,7.92,52.27,9.16,1.16,0.46,662.46,52.51,77.63,0.31,..0.97
5.2,100,0.96,3.4,67.09,26.6,4.61,89.39,22.57,7.49,0.94,584.25,60.01,5.53,0.31,..0.97
9.84,100,9.98,5.45,11.02,24.55,4.2,75.16,74,5.8,0.79,819.64,20.24,60.66,0.31,..0.97
8.81,100,1.52,2.73,34.27,24.27,4.94,88.55,19.2,7.14,0.87,254.34,45.72,7.9,0.31,..0.97
5.41,100,6.24,8.81,30.71,24.19,3.87,79.83,48.46,3.83,0.35,419.97,78.84,67.91,0.31,..0.97
8.43,100,6.06,6.37,64.48,23.63,6.82,87.05,53.58,4.65,0.39,848.72,56.88,35.88,0.32,..0.97
2.25,54.57,7.09,11.26,84.02,7.74,0.98,34.84,29.03,5.82,0.81,607.74,46.88,98.7,0.32,..0.97
5.41,100,3.03,8.32,79.17,24.68,9.99,10.77,91.05,9.98,0.54,727.21,73.23,26.66,0.32,..0.97
8.29,100,3.98,4.45,17.99,24.55,6.72,51.3,80.85,8.18,0.05,474.55,93.15,87.66,0.32,..0.97
1.45,100,9.06,4.54,10.22,23.46,7.36,38.29,61.74,4.81,0.94,471.77,56.42,81.78,0.32,..0.97
5.26,37.75,0.62,10.74,30.05,3.26,1.23,5.59,5.56,4.33,0.98,242.56,71.3,50.71,0.32,..0.97
4.2,100,3.35,9.26,82.03,20.74,4.08,90.98,85.42,9.22,0.01,117.28,27.65,55.67,0.32,..0.97
7.62,97.25,6.25,34,3.82,0,4.55,70.19,82.13,2.2,0.06,573.33,80.24,21.28,0.32,..0.97
9.17,34.58,1.45,5.92,92.14,5.08,1.36,15.2,65.92,6.24,0,378.23,47.35,46.88,0.32,..0.97
1.44,100,1.94,8.28,78.82,21.72,6.18,46.22,8.81,5.03,0.31,100.36,10.41,35.78,0.33,..0.97
2.69,74.52,1.24,13.42,50.19,11.58,2.07,7.08,51.96,4.12,0.92,82.38,26.52,50,0.33,..0.97
3.22,11.62,2.16,1.74,64.08,1.26,2.91,42.91,30.07,3.1,0.41,305.22,41.04,65.94,0.33,..0.97
8.3,100,2.25,5.36,66.47,23.64,3.32,30.17,85.15,4.8,0.57,255.56,23.28,87.1,0.33,..0.97
4.48,17.62,9.96,1.94,47.27,1.06,1.57,91.44,90.27,9.38,0.89,816.73,75.47,40.67,0.33,..0.97
9.74,100,5.45,6.28,81.06,22.72,7.71,49.13,10.81,8.7,0.81,151.63,29.12,68.67,0.34,..0.97
9.73,72.07,9.42,8.53,70.38,12.47,9.7,20.94,58.5,2.43,0.13,366.47,12.86,54.68,0.34,..0.97
3.5,92.2,2.42,20.7,29.51,10.3,2.36,70.49,26.88,7.58,0.81,816.02,80.83,19.09,0.34,..0.97
5.29,68.51,3.98,13.11,35.25,8.89,3.69,11.61,7.82,6.54,0.57,855.36,75.97,40.98,0.34,..0.97
2.73,100,2.76,5.29,93.23,26.71,2.66,75.08,23.89,4.94,0.64,475.1,19.12,45.81,0.34,..0.97
2.93,100,8.7,9.3,70.07,20.7,6.29,42.72,5.49,4.42,0.08,27.64,18.06,72.43,0.34,..0.97
9.82,100,3.04,7.33,74.85,24.67,4.05,36.03,86,4.75,0.26,330.01,49.95,57.14,0.34,..0.97
6.05,65.29,5.6,14.31,35.61,7.69,3.6,52.26,42.41,1.55,0.66,0,88.13,93.58,0.35,..0.97
5.18,59.89,0.23,10.88,60.51,6.12,2.58,33.05,7.74,2.25,0.72,621.8,5.06,98.51,0.35,..0.97
3.35,100,8.89,4.29,84.97,24.71,3.88,16.06,26.98,8.64,0.67,779.24,60.5,22.41,0.35,..0.97
3.38,100,4.75,9.57,7.28,22.43,8.19,51.27,94.18,4.31,0.36,869.91,44.86,66.6,0.35,..0.97
4.26,55.42,8.59,11.12,59.34,7.88,0.9,92.57,55.62,9.1,0.47,101.86,91.84,91.06,0.35,..0.97
3.18,100,8.71,4.23,21.15,24.77,7.49,33.11,56.5,1.73,0.81,231.89,7.52,66.37,0.35,..0.97
7.61,100,2.15,9.26,92.83,23.74,4.69,8.07,97.44,7.65,0.02,480.52,93.35,83.79,0.35,..0.97
9.99,52.81,4.25,11,92.56,8,0.84,41.31,86.93,6.94,0.6,803,63.68,99.73,0.35,..0.97
5.13,100,8.92,9.38,15.2,19.62,8.33,39.14,14.54,6.55,0.36,259.13,92.28,13.4,0.35,..0.97
9.36,100,4.22,6.29,71.41,20.71,3.1,83.02,50.53,7.03,0.59,21.77,84.77,33.94,0.36,..0.97
8.22,100,0.75,2.27,97.61,25.73,8.61,31.61,74.75,9.33,0.03,637.81,37.03,30.83,0.36,..0.97
3.22,36.76,9.71,4.05,99.58,5.95,2.76,47.82,58.52,5.81,0.18,584.75,46.1,44.35,0.36,..0.97
1.65,100,0.39,6.78,29.64,22.22,6.87,39.1,90.96,9.59,1,517.24,44.18,21.74,0.36,..0.97
1.62,100,5.8,6.34,61.99,20.66,2.73,5.79,55.82,6.95,0.57,578.85,70.93,19.96,0.36,..0.97
7.99,56.52,6.35,12.9,33.75,6.1,8.25,72.54,0.02,1.58,0.03,624.32,8.24,90.2,0.36,..0.97
9.57,100,0.58,5.64,39.3,24.36,2.84,84.3,45.57,5.6,0.88,782.06,43.4,2.09,0.36,..0.97
2.23,43.16,1.77,4.94,81.83,9.06,4.72,59.59,75.36,6.59,0.19,647.38,86.8,43.06,0.36,..0.97
6.73,100,4.35,11.55,2.75,18.45,7.21,26.62,42.56,4.07,0.95,753.97,27.6,24.86,0.36,..0.97
3.37,100,4.43,5.28,89.83,24.72,6.76,67.66,46.26,7.27,0.09,860.55,6.95,35.82,0.36,..0.97
8.71,80.87,9.62,21.04,21.41,3.96,3.16,82.74,26.21,2.75,0.21,385.69,7.45,82.46,0.36,..0.97
3.6,93.35,5.12,12.98,83.1,14.02,1.2,65.64,62.79,8.34,0.93,175.64,28.41,13.68,0.36,..0.97
0.81,12.43,7.39,6,5.55,0,0.71,40.77,45.25,8.24,0.19,546.97,15.43,54.11,0.36,..0.97
8.12,20.62,8.84,1.64,76.95,1.36,1.95,34.69,12.68,8.93,0.63,529.06,6.56,62.37,0.36,..0.97
2.64,100,0.25,6.27,89.2,23.73,6.28,29.75,82.04,7.92,0.66,684.46,6.98,8.27,0.36,..0.97
9.6,100,1.76,8.25,93.61,22.75,4.33,58.58,70.03,5.62,0.69,243.13,72.74,24.68,0.37,..0.97
0.61,100,9.99,4.45,55.29,24.55,6.66,43.13,40.98,7.14,0.35,0,96.73,9.64,0.37,..0.97
2.73,100,2.24,10.13,10.8,20.87,3.64,56.53,38.87,9.66,0.35,706.68,67.42,76.15,0.37,..0.97
1.32,100,6.7,5.57,38.71,21.43,6.06,55.55,95.15,8.43,0.06,52.36,99.18,3.16,0.37,..0.97
8.55,100,5.23,5.41,60.49,24.59,6.36,9.49,43.3,3.87,0.6,13.46,56.61,38.06,0.37,..0.97
6.11,100,2.82,9.19,92.48,17.81,9.26,32.48,84.65,7.09,0.2,139.82,28.91,47.01,0.37,..0.97
1.96,100,8.41,6.29,74.74,21.71,2.32,82.42,57.2,8.85,0.91,221.32,72.1,51.01,0.37,..0.97
5.57,71.5,5.95,15.37,40.65,7.63,1.2,86.05,4.52,6.65,0.8,36.84,96.18,79.33,0.37,..0.97
5.54,100,9.87,13.82,2.72,15.18,9.93,13.89,33.44,6.97,0.1,884.82,27.1,5.11,0.37,..0.97
0.11,96.8,3.79,23.46,23.04,7.54,6.52,6.89,90.14,4.92,0.17,63.69,48.51,43.58,0.37,..0.97
9.32,20.23,6.86,9.44,13.8,0.56,0.65,27.56,41.67,6.63,0.53,86.38,28.69,35.01,0.37,..0.97
8.67,100,2.48,9.22,75.98,16.78,6.83,46.49,91.83,8.51,0.9,492.57,80.48,48.27,0.37,..0.97
8.55,100,9.89,8.23,92.38,20.77,6.78,71.64,2.08,6.69,0.62,270.2,32.02,45.96,0.37,..0.97
1.43,73.32,5.77,7.64,77.76,14.36,2.77,73.1,35.37,8.84,0.83,523.65,59.78,25.13,0.37,..0.97
8.12,75.02,8.92,9.71,64.86,13.29,3.37,31.61,8.8,5.44,0.54,0,26.39,33.27,0.38,..0.97
7.6,100,3.28,6.25,90.62,22.75,3.68,94.27,78.67,4.1,0.85,494.89,41.48,25.29,0.38,..0.97
6.21,100,0.68,5.58,42.91,24.42,8.44,15.36,41.01,6.28,0.78,673.25,49.88,54.01,0.38,..0.97
7.78,84.11,2.82,21.95,22.6,5.05,6.23,26.08,29.73,1.77,0.05,0,31.24,64.31,0.38,..0.97
9.73,48.31,4.92,4.6,97.71,7.4,4.31,48.84,87.38,2.19,0.67,487.76,38.4,46.91,0.38,..0.97
4.06,100,7.64,8.1,20.05,20.9,1.84,27.71,98.51,7.38,0.58,277.72,68.18,4.38,0.38,..0.97
9.73,70.55,0.51,12.22,94.45,8.78,0.61,83.68,0.84,9.38,0.46,5.09,45.17,11.8,0.38,..0.97
6.84,100,2.63,7.88,25.13,21.12,4.99,91.87,33.86,3.98,0.75,898.26,84.77,48.06,0.38,..0.97
2.73,100,1.34,6.32,75.22,23.68,4.65,82.72,42.76,7.97,0.72,138.99,44.93,61.57,0.38,..0.97
3.69,38.19,1.18,5.68,32.02,2.32,1.95,75.22,66.73,7.59,0.71,854.98,52.83,26.88,0.38,..0.97
3.5,100,6.94,5.31,77.19,23.69,3.69,1.84,94.04,9.41,0.74,265.33,97.87,26.41,0.38,..0.97
8.72,100,7.14,3.81,29.77,23.19,5.42,97.52,31.96,6.41,0.38,712.07,31.8,12.21,0.38,..0.97
2.52,100,9.76,8.28,75.47,20.72,8.56,15.19,81.31,9.27,0.47,613.83,10.03,74.59,0.39,..0.97
0.17,56.06,5.49,5.93,62.29,8.07,4.01,40.23,48.61,8.85,0.39,271.77,87.62,5.08,0.39,..0.97
2.49,100,2.84,2.68,36.68,24.32,8.11,88.37,46.39,6.66,0.14,270.41,41.25,13.08,0.39,..0.97
7.52,100,6.4,3.41,60.73,24.59,6.81,10.61,85.56,6.72,0.88,645.77,37.39,71.88,0.39,..0.97
2.95,100,2.37,7.42,54.21,22.58,5.61,54.59,59.88,3.97,0.91,651.05,54.95,89.93,0.39,..0.97
5.31,26.15,6.59,4.9,82.39,2.1,2.21,17.13,15.34,2.51,0.56,857.1,77.6,30.97,0.39,..0.97
9.28,100,8.59,8.45,49.26,21.55,4.18,18.92,4.39,6.6,0.75,63.16,52.14,91.91,0.39,..0.97
9.67,100,0.78,4.59,41.01,23.41,5.52,37.28,69.51,5.02,0.01,563.51,88.22,77.45,0.39,..0.97
6.35,100,0.7,4.52,48.32,24.48,6.77,10.64,50.8,6.94,0.45,370.41,4.41,46.04,0.39,..0.97
4.21,100,4.25,9.24,83.14,19.76,2.92,34.07,51.47,7.76,0.68,197.03,29.34,51.64,0.39,..0.97
9.62,100,9.33,5.21,19.77,22.79,7.97,33.97,94.52,3.97,0.75,588.5,69.42,37.66,0.4,..0.97
9.11,100,2.48,4.49,51.39,24.51,8.26,15.79,22.54,7.37,0.07,419.37,43.5,82.22,0.4,..0.97
8.5,74.75,1.89,13.85,38.99,10.15,2.88,6.23,52.77,2.77,0.92,873.61,74.55,46.5,0.4,..0.97
4.14,100,4.42,4.48,16.84,23.52,7.76,17.01,35.39,4.25,0.35,248.94,96.46,73.33,0.4,..0.97
0.96,100,5.45,8.57,38.74,21.43,7.62,94.32,44.36,7.14,0.02,354.47,91.86,99.35,0.4,..0.97
7.3,53.41,9.93,4.92,74.85,8.08,5.27,7.62,86.52,1.44,0.72,600.48,7.4,52.7,0.4,..0.97
9.68,100,3.82,2.42,63.68,26.58,5.15,77.04,71.73,7.58,0.48,627.55,24.34,12.99,0.4,..0.97
4.45,100,6.32,7.7,12.37,19.3,3.46,42.44,60.96,3.71,0.43,328.64,88.13,73.19,0.4,..0.97
7.76,61.61,5.56,17.62,18.86,3.38,9.29,79.88,88.89,1.58,0.1,715.34,44.72,18.18,0.41,..0.97
4.14,100,6.85,3.34,66.99,22.66,6.34,59.73,97.27,5.3,0.89,410.46,15.64,66.21,0.41,..0.97
8.65,100,1.32,7.5,46.25,22.5,8.87,85.73,9.84,6.81,0.24,281.17,52.09,4.47,0.41,..0.97
3.99,25.3,0.1,8,5.17,0,3.88,50.38,7.26,1.02,0.78,151.23,69.98,26.19,0.41,..0.97
0.52,100,8.89,9.19,78.59,14.81,8.14,15.47,36.18,9.26,0.59,1.49,9.19,45.8,0.41,..0.97
6.24,75.74,7.95,21.49,21,4.51,1.85,71.75,89.11,6.44,0.11,472.97,95.6,13.18,0.41,..0.97
1.77,100,1.54,4.27,84.7,22.73,9.06,54.77,15.78,9.08,0.29,507.63,73.03,2.43,0.41,..0.97
9.29,100,5.45,7.25,77.13,18.75,5.51,19.35,55.06,5.11,0.09,232.88,38.4,28.59,0.41,..0.97
8.93,100,4.25,8.21,86.68,17.79,9.45,67.59,99.82,5.9,0.26,184.47,81.59,89.24,0.42,..0.97
5.88,100,6.64,7.18,5.02,20.82,9.73,87.3,58.67,4.82,0.12,216.16,13.87,75.23,0.42,..0.97
8.06,100,5.73,8.33,66.96,21.67,7.11,19.29,11.83,9.84,0.12,416.89,94.84,46.75,0.42,..0.97
6.7,30.05,3.21,5.84,48.72,2.16,5.46,30.13,84.78,1.35,0,476.08,8.94,90.31,0.42,..0.97
8.08,100,4.72,6.5,45.83,22.5,5.67,66.42,1.87,8.5,0.04,272.6,4.37,64.04,0.43,..0.97
7.25,64.07,5,11.64,36.81,8.36,5.42,21.97,32.21,8.74,0.16,908.32,17.7,15.57,0.43,..0.97
9.16,47.61,7.84,6.14,94.44,5.86,2.44,52.81,51.96,4.81,0.01,411.21,33.81,66.81,0.43,..0.97
7.94,71.91,8.83,14.37,32.31,6.63,2.26,87.2,72.16,6.66,0.3,783.38,57.21,57.58,0.43,..0.97
1.28,100,5.43,9.23,74.62,16.77,8.24,39.58,71.15,7.47,0.03,128.55,4.67,31.97,0.43,..0.97
0.57,15.98,2.13,2.35,27.29,0.65,2.04,21.54,62.26,6.62,0.53,892.66,75.78,68.35,0.43,..0.97
5.41,100,5.58,3.53,48.94,25.47,7.96,71.68,80.23,9.98,0.92,342.22,51.54,95.36,0.43,..0.97
5.16,69.52,8.45,21.39,16.16,2.61,1.67,57.25,99.59,7.25,0.27,345.98,44.7,60.91,0.43,..0.97
4.52,75.5,5.48,11.42,96.5,9.58,0.93,43.72,93.52,9.61,0.33,922.79,23.32,56.52,0.43,..0.97
4.18,100,5.61,1.72,30.43,21.28,7.25,25.69,22.07,3.1,0.69,470.64,6.26,17.4,0.43,..0.97
4.52,36.42,8.01,8.31,14.93,0.69,3.71,44.3,63.55,1.64,0.8,602.71,73.48,5.62,0.43,..0.97
5.75,98.27,3.91,31.08,9.91,0.92,2.49,4.11,29.63,8.93,0.71,242.34,29.91,25,0.43,..0.97
2.45,100,8.08,2.29,82.15,23.71,3.64,24.06,31.37,6.06,0.88,809.09,91.72,65.83,0.44,..0.97
0.58,100,8.29,6.84,26.23,21.16,9.57,31.63,63.34,8.31,0.25,493,85.54,61.9,0.44,..0.97
8.7,100,2.09,6.23,78.91,17.77,9.89,8.27,95.95,2.08,0.61,0,69.39,34.48,0.44,..0.97
0.17,100,8.74,8.26,68.46,17.74,3.52,23.83,51.21,9.71,0.39,211.62,3.27,54.22,0.44,..0.97
8.45,19.06,2.23,1.92,80.63,2.08,2.9,47.25,17.1,4.12,0.75,258.11,95.1,35.97,0.44,..0.97
0.9,100,0.25,7.23,86.08,19.77,3.39,54.51,41.26,3.07,0.59,410.92,87.97,96.4,0.44,..0.97
3.76,71.94,8.98,6.98,96.79,14.02,2.05,52.51,72.47,9.87,0.8,656.71,77.74,99.74,0.44,..0.97
2.49,37.66,8.58,7.77,10.47,0.23,3.81,90.92,29.2,4.13,0.25,176.08,19.85,85.1,0.44,..0.97
9.84,50.05,6.49,7.05,99.4,5.95,4.1,66.02,35.3,1.21,0.75,119.48,18.02,77.46,0.44,..0.97
1.02,81.86,1.22,8.31,73.25,14.69,5.31,6.63,59.21,1.22,0.64,140.26,46.45,14.4,0.44,..0.97
8.29,20.46,3.98,3.74,26.65,1.26,2.41,40.17,64.88,6.51,0.44,335.66,50.59,14.69,0.45,..0.97
2.18,100,1.77,8.25,76.39,18.75,7.97,90.58,15.01,1.88,0.04,0,83.46,19.32,0.45,..0.97
8.01,100,8.39,12.53,2.47,15.47,4.8,4.07,81.23,6.28,0.94,0,57.06,84.26,0.45,..0.97
3.86,100,6.19,8.35,59.74,20.65,3.74,34.76,81.07,5.05,0.07,664.98,86.99,85.65,0.45,..0.97
4.53,19.96,7.06,2.59,33.81,0.41,1.15,62.66,92.84,8.46,0.44,941.59,67.26,32.65,0.45,..0.97
3.49,100,4.13,8.41,46.77,18.59,3.36,7.09,71.16,6.83,0.15,324.91,28.95,98.57,0.45,..0.97
0.36,100,6.8,6.31,73.7,22.69,5.9,84.56,48.83,9.12,0.5,336.01,33.4,11.03,0.45,..0.97
1.38,100,4.33,3.02,25.43,24.98,8.36,83.89,64.9,1.49,0.69,495.38,52.57,43.82,0.45,..0.97
1.65,100,3.25,2.55,43.86,23.45,9.6,12.72,11.81,9.18,0.3,871.24,41.41,38.85,0.46,..0.97
6.14,41.04,2.3,10.7,23.07,1.3,1.36,84.01,11.19,4.23,0.05,171.21,62.77,92.31,0.46,..0.97
2.33,100,7.8,2.28,87.81,24.72,9.96,68.29,26.98,6.06,0.62,548.64,41.58,47.96,0.46,..0.97
7.26,100,8.01,5.24,96.89,22.76,4.72,84.46,90.63,8.38,0.95,280.67,75.66,12.07,0.46,..0.97
4.05,100,3.68,7.19,98.41,18.81,3.3,33.42,45.33,2.36,0.87,114.46,33.05,2.87,0.46,..0.97
4.76,77.94,0.61,15.37,31.09,8.63,6,15.02,96.58,1.01,0.52,677.91,39.47,14.34,0.46,..0.97
1.97,47.16,2.35,9.02,99.74,2.98,3.39,63.43,61.08,1.37,0.71,695.85,37.14,97.6,0.46,..0.97
3.79,100,6.65,2.44,57.03,24.56,9.24,72.03,92.01,7.84,0.12,516.37,16.39,42.96,0.46,..0.97
6.41,100,0.4,6.76,5.67,22.24,5.87,21.33,38.99,2.19,0.75,366.05,14.99,57.61,0.46,..0.97
2.16,12.84,4.51,2.93,10.3,0.07,1.98,71.64,35.67,4.89,0.65,757.96,15.29,61.75,0.46,..0.97
4.18,67.99,0.71,7.33,90.64,8.67,3.14,53.41,12.97,5.01,0.11,309.88,3.86,55.27,0.46,..0.97
4.75,100,0.68,7.26,73.42,18.74,9.55,60.53,37.21,7.58,0.22,758.89,84.61,90.3,0.46,..0.97
8.22,100,5.4,4.43,53.87,22.57,2.96,98.91,16.2,3.83,0.92,803.92,97.95,87.1,0.46,..0.97
3.98,100,0.35,4.33,62.84,20.67,7.19,6.18,45.28,2.16,0.4,505.92,43.04,20.16,0.46,..0.97
9.35,100,1.83,5.79,30.51,23.21,4.58,90.12,73.08,8.03,0.86,684.5,43.76,29.99,0.46,..0.97
2.58,100,2.5,9.19,15.9,17.81,4.95,75.96,48.43,1.87,0.8,331.07,61.47,96.35,0.46,..0.97
6.07,90.88,5.53,11,77.2,15,2.03,84.24,89.82,8.88,0.42,444.4,52.6,85.89,0.46,..0.97
0.56,100,2.57,8.35,48.92,16.65,9.08,89.42,21.84,3.29,0.84,204.15,40.64,91.63,0.46,..0.97
6.88,100,6.62,4.54,44.34,23.46,7.6,30.43,83.29,1.79,0.95,0,44.78,72.86,0.47,..0.97
3.29,40.05,5.69,8.69,70.57,1.31,2.05,3.21,22.63,2.39,0.06,684.71,47.28,17.2,0.47,..0.97
0.86,100,7.66,7.36,58.26,20.64,2.01,65.12,97.14,9.22,0.02,234.47,44.5,88.92,0.47,..0.97
1.79,100,2.31,2.77,32.26,24.23,5.14,41.9,46.6,5.38,0.88,360.07,2.59,33.77,0.47,..0.97
2.25,81.71,7.38,23.34,13.22,1.66,5.65,47.43,75.52,2.24,0.16,183.71,29.01,68.15,0.47,..0.97
4.03,100,7.99,8.25,75.89,18.75,9.93,65.31,38.32,7.18,0.86,600.32,80.53,51.19,0.47,..0.97
0.12,100,8.83,8.21,69.89,14.79,9.68,3.85,58.44,9.81,0.84,142.13,41.19,98.43,0.47,..0.97
6.66,100,9.82,3.25,93.38,22.75,8.16,95.31,61.86,7.05,0.72,181.25,75.87,90.23,0.47,..0.97
8.33,78.73,7.68,16.68,23.41,5.32,3.02,72.6,57.47,9.63,0.34,0,94.41,99.65,0.47,..0.97
9.52,100,8.32,5.26,80.62,20.74,5.06,56.41,85.72,5.95,0.45,0,57.99,42.6,0.48,..0.97
3.67,43.11,5.59,9,6.18,0,3.26,13.64,60.51,1.61,0.89,274.23,99.68,48.56,0.48,..0.97
5.81,98.72,3.13,18.77,31.01,8.23,4.94,75.32,53.61,2.57,0.32,389.37,54.27,45.09,0.48,..0.97
9.77,100,2.56,9.36,58.69,20.64,3.97,67.97,17.04,8.01,0.39,67.02,15.5,57.46,0.48,..0.97
7.84,100,8.16,6.32,61.9,19.68,3.73,90.79,43.26,4.81,0.39,237.76,20.16,1.42,0.48,..0.97
8.42,26.59,6.29,2.28,89.22,0.72,4.9,13.73,76.95,2.35,0.67,418.66,22.71,31.99,0.48,..0.97
3.18,90.09,3.91,20.74,22.48,4.26,2.86,17.24,94.83,3.63,0.14,98.6,12.82,7.23,0.48,..0.97
9.21,100,2.06,2.84,27.49,22.16,7.73,76.32,65,1.35,0.5,596.24,6.09,29.48,0.48,..0.97
5.26,62.94,1.12,10.43,44,6.57,4.7,59.93,62.54,3.31,0.01,260.77,34.04,55.05,0.48,..0.97
4.19,100,8.8,5.25,92.75,22.75,6.29,15.72,50.53,6.28,0.57,802.4,64.6,90.1,0.48,..0.97
8.49,100,0.58,4.27,81.29,21.73,7.99,40.5,61.39,9.49,0.85,502.46,20.34,65.13,0.48,..0.97
7.12,100,3.88,9.7,24.18,16.3,3.95,7.71,39.33,1.93,0.93,365.8,56.05,68.22,0.48,..0.97
4.2,100,3.49,9.97,9.64,17.03,2.63,47.5,48.88,8.85,0.9,159.32,47.9,36.97,0.48,..0.97
7.25,100,6.37,6.2,99.84,19.8,9.53,23.72,42.13,4.24,0.06,0,34.43,30.8,0.48,..0.97
4.48,100,3.46,6.72,26.23,18.28,5.22,65.2,44.82,3.77,0.26,400.36,93.28,33.13,0.48,..0.97
8.22,100,3.2,3.23,98.5,22.77,9.2,10.78,91.05,5.63,0.03,849.28,15.03,18.15,0.49,..0.97
4.87,89.61,4.04,11.06,51.91,12.94,5.89,88.28,18.98,8.17,0.3,113.4,46.39,74.93,0.49,..0.97
2.65,100,2.79,9.57,12.75,18.43,8.59,48.02,38.97,8.14,0.67,453.28,9.63,42.54,0.49,..0.97
6.67,55.16,8.23,14.47,15.08,1.53,1.7,66.67,74.69,8.18,0.57,222.42,33.33,22.71,0.49,..0.97
6.38,98.13,5.69,32.11,2.75,0,8.18,42.09,38.91,8.44,0.12,70.75,85.99,3.7,0.49,..0.97
4.7,100,1.98,15.43,2.1,12.57,9.46,18.23,80.8,1.65,0.3,805.83,77.63,59.94,0.49,..0.97
4.2,38.31,1.33,6.04,42.14,1.96,3.95,82.05,51.63,1.8,0.6,304.39,62.22,20.45,0.49,..0.97
6.05,100,8.76,4.3,63.92,18.7,6.71,0.85,27.39,8.31,0.57,93.34,51.01,75.77,0.49,..0.97
2,64.97,6.82,5.99,82.95,7.01,3.83,46.17,72.86,2.4,0.97,198.19,47.22,39.82,0.49,..0.97
9.35,100,4.45,9.02,17.62,16.98,2,97.39,7.5,6.76,0.66,347.65,44.39,25.31,0.49,..0.97
6.6,44.91,8.37,4.94,29.28,1.06,2.47,86.12,66.25,5.78,0.25,879.68,81.15,24.56,0.49,..0.97
6.88,40.87,4.7,3.4,69,2.6,4.02,12.58,64.48,3.17,0.9,284.14,14.31,91.67,0.49,..0.97
9.34,52.24,4.06,12,5.75,0,1.43,70.57,36.48,5.96,0.91,435.73,15.35,99.34,0.49,..0.97
7.13,93.03,1.75,9.76,58.56,13.24,9.56,13.6,38.91,2.02,0.35,272.6,95.56,92.42,0.49,..0.97
3.71,100,5.54,10.89,4.09,15.11,3.24,87.45,54.81,5.62,0.28,207.95,29.94,50.29,0.5,..0.97
9.22,100,0.14,4.96,22.91,21.04,9.39,26.91,67,5.44,0.12,295.31,72.53,84.53,0.5,..0.97
3.05,100,1.39,13.99,2.67,15.01,9.17,41.21,4.47,5.2,0.11,471.01,95.84,19.21,0.5,..0.97
4.31,100,5.02,7.51,39.05,19.49,2.64,44.93,6.79,5.28,0.12,0,58.13,60.84,0.5,..0.97
0.39,100,5.71,3.81,27.27,21.19,5.44,19.75,97.21,5.18,0.91,288.31,56.61,45.56,0.5,..0.97
6.29,100,5.65,5.87,19.52,16.13,8.04,65.97,75.97,6.14,0.67,712.06,51.3,18.22,0.5,..0.97
5.99,77.73,3.9,12.48,77.72,7.52,1.45,34.42,53.33,5.34,0.5,172.83,59.27,59.1,0.5,..0.97
3.17,64.79,8.47,10.37,33.4,3.63,3.41,89.36,24.51,3.73,0.02,876.58,60,39.66,0.51,..0.97
0.78,100,0.73,8.36,53.11,18.64,1.82,85.08,84.76,6.79,0.71,7.83,37.44,26.91,0.51,..0.97
7.7,100,4.54,4.22,91.13,19.78,8.05,75.05,58.27,3.56,0.13,802.17,3.76,3.42,0.51,..0.97
4.9,100,8.65,4.6,36.96,21.4,8.15,49.88,55.95,3.98,0.09,142.16,40.63,26.14,0.51,..0.97
2.66,100,6.07,18.84,1.93,9.16,5.28,80.66,2.29,9.8,0.6,705.14,56.87,8.81,0.51,..0.97
6.28,100,5.72,7.2,83.18,16.8,7.55,46.47,43.94,1.45,0.31,670.81,18.09,50.41,0.51,..0.97
2.69,100,6.92,5.85,7.72,19.15,7.71,9.09,52.53,3.96,0.21,499.13,21.46,70.33,0.51,..0.97
5.43,100,5.1,10.16,6.01,15.84,9.53,71.53,39.35,6.39,0.67,149.1,39.59,73.77,0.51,..0.97
8.63,100,7.05,4.31,64.18,19.69,6.11,33.48,30.7,1.28,0.6,52.71,37.81,93.58,0.51,..0.97
3.44,34.38,0.7,4.51,62.86,2.49,1.76,16.05,32.2,5.75,0.47,722.16,46.02,25.71,0.52,..0.97
9.63,100,0.79,4.42,52.44,21.58,5.26,52.4,78.17,9.19,0.41,641.51,83.06,17.23,0.52,..0.97
3.91,100,0.99,9.66,19.79,12.34,8.24,43.69,28.41,8.04,0.19,55.06,58.28,83.91,0.52,..0.97
9.66,100,8.54,9.23,82.72,18.77,9.71,4.91,86.49,7.15,0.95,94.69,18.05,63.96,0.52,..0.97
3.07,43.96,0.35,7.75,15.48,0.25,0.88,66.2,43.43,8.26,0.05,578.02,92.06,35.4,0.52,..0.97
6.56,99.14,5.53,17.42,28.62,8.58,5.27,81.02,54.62,8.47,0.41,642.69,44.86,48.12,0.52,..0.97
6.53,100,4.49,8.5,11.36,15.5,8.36,98.8,83.16,7.47,0.29,683.84,89.79,95.67,0.53,..0.97
4.47,100,6.11,2.22,92.86,19.78,6.83,53.02,4.27,6.3,0.56,505.84,12.52,64.11,0.53,..0.97
9.14,100,5.68,1.31,70.89,21.69,8.75,70.56,22.92,2.11,0.69,789.01,12.16,9.01,0.53,..0.97
0.31,70.53,9.68,16.68,9.27,0.32,2.13,72.24,64.25,6.6,0.92,644.56,99.4,21.83,0.53,..0.97
2.03,40.46,1.78,5.61,15.81,0.39,4.46,3.22,70.73,2.41,0.58,874.04,50.7,11.87,0.53,..0.97
2.92,100,6.05,4.24,84.93,19.76,8.27,96.16,51.47,9.56,0.36,179.66,48.68,42.3,0.53,..0.97
3.07,100,1.58,8.21,72.59,14.79,7.32,66.8,24.22,5.77,0.98,709.15,43.5,68.38,0.53,..0.97
9.43,22.53,8.61,1.64,76.06,1.36,6.67,70.44,35.42,1.53,0.85,640.88,4.63,79,0.53,..0.97
1.57,46.36,8.61,7.35,49.8,1.65,1.94,35.25,53.96,3.91,0.11,0,62.74,66.41,0.53,..0.97
5.45,100,8.33,7.34,40.96,13.66,6.02,78.74,13.91,8.46,0.76,0,68.74,4.84,0.53,..0.97
9.97,100,5.91,6.54,13.67,19.46,3.2,4.05,29.8,6.13,0.25,580.96,70.58,25.06,0.53,..0.97
9.79,100,2.35,8.77,19.58,14.23,3.81,93.74,97.33,7.86,0.95,0,22.46,70.42,0.53,..0.97
3.85,53.28,6.72,12.59,11.8,0.41,2.24,36.83,92.92,3.42,0.41,797.51,82.62,75.5,0.53,..0.97
8.25,68.04,6.72,7.32,99.7,9.68,2.8,2.66,23.52,4.13,0.59,556.68,17.56,61.9,0.53,..0.97
7.77,100,0.01,6.47,34.33,15.53,4.18,83.4,94.65,6.3,0.1,303.87,1.52,16.04,0.53,..0.97
6.61,100,8.56,1.29,79.57,22.71,8.58,23.48,57.75,5.7,0.89,769.51,43.2,49.75,0.53,..0.97
5.1,65.19,7.45,14.99,5.49,0.01,6.6,42.32,69.04,4.2,0.4,768.46,94.67,48.97,0.54,..0.97
2.71,99.47,5.95,22.73,20.96,4.27,1.16,26.51,78.21,8.47,0.94,193.87,71.71,62.01,0.54,..0.97
5.11,100,0.89,8.71,21.11,14.29,6.58,79.64,98.69,4.64,0.49,234.28,94.82,59.2,0.54,..0.97
5.81,100,4.4,5.28,58.01,15.72,7.88,75.72,26.96,4.95,0.84,521.19,31.09,57.57,0.54,..0.97
4.48,100,9.26,12.61,2.67,14.39,2.26,42.66,65.67,8.16,0.81,388.14,95.02,59.83,0.54,..0.97
4.53,100,9.83,10.99,7.55,13.01,8.43,76.95,85.21,6.98,0.76,286.14,80.11,37.45,0.54,..0.97
1.96,100,7.81,4.45,40.24,17.55,6.29,34.68,31.03,7.53,0.55,497.41,47.17,84.11,0.54,..0.97
0.15,46.19,0.95,2.72,52.89,2.28,8.2,10.24,15.94,3.65,0.47,891.08,96.23,8.61,0.54,..0.97
2.21,100,9.76,6.36,54.93,19.64,2.31,79.8,32.12,5.65,0.63,61.07,58.01,70.76,0.55,..0.97
3.41,100,6.15,3.28,83.02,22.72,5.75,78.21,89.08,4.4,0.56,0,27.41,86.75,0.55,..0.97
7.06,100,1.9,6.83,19.33,15.17,5.32,34.77,23.47,3.15,0.22,623.51,17.36,84.84,0.55,..0.97
2.92,100,3,8.41,41.07,16.59,8.93,43.24,37.18,8.78,0.82,0,12.92,3.64,0.55,..0.97
9.02,100,5.24,5.3,59.59,17.7,3.45,9.12,51.95,4.91,0.29,829.91,97.63,35.81,0.55,..0.97
1.97,100,3.99,8.16,94.24,14.84,8.81,34.54,62.55,5.56,0.02,829.87,20.25,20.44,0.55,..0.97
4.08,51.87,8.93,3.79,96.09,2.21,5.3,58.7,43.91,3.19,0.01,4.4,45.72,3.62,0.55,..0.97
0.4,42.05,4.56,3.17,66,3.83,8.33,43.08,91.19,2.71,0.37,8.48,81.27,43.94,0.55,..0.97
4.84,100,0.24,5.14,18.47,19.86,6.82,33.03,70.32,3.9,0.47,881.06,96.79,36.36,0.55,..0.97
5.27,69.72,7.67,10.32,98.55,6.68,3.74,13.94,4.78,1.62,0.61,336.68,10.35,55.58,0.55,..0.97
2.69,100,5.48,8.37,46.45,16.63,7.86,95.72,80.91,1.05,0.52,414.26,74.31,95.29,0.56,..0.97
1.3,100,7.95,4.69,32.01,21.31,3.11,80.71,33.01,8.7,0.34,0,56.16,39.04,0.56,..0.97
6.37,100,3.11,7.22,4.74,15.78,8.64,30.09,11.99,9.6,0.95,0,30.17,7.15,0.56,..0.97
8.32,62.77,9.77,5.49,94.13,9.51,3.8,70.24,15.98,4.48,0.58,626.73,51.66,39.42,0.56,..0.97
9.87,100,6.58,3.78,11.79,19.22,9.94,87.77,50.4,8.43,0,312.03,3.07,92.4,0.56,..0.97
0.69,38.38,9.67,2.8,99.35,5.2,7.97,71.86,35.79,3.6,0.16,815.53,14.55,94.49,0.56,..0.97
7.47,32.88,3.74,6.75,22.3,0.25,0.74,4.12,22.86,7.37,0.09,519.89,92.39,62.66,0.56,..0.97
1.7,61.33,5.67,10,72.8,4,0.79,99.07,92.94,9.51,0.2,476.23,89.35,60.5,0.56,..0.97
4.38,49.32,0.68,8,6.19,0,1.17,14.57,93.96,5.84,0.65,668.64,88.64,2.4,0.56,..0.97
4.47,74.21,5.35,16.52,10.03,0.48,4.53,43.81,76.01,7.29,0.11,669.83,68.44,25,0.56,..0.97
9.51,72.29,5.48,12.31,22.19,3.69,4.99,72.14,18.86,2.52,0.79,552.04,48.44,18.91,0.56,..0.97
2.68,100,6.38,8.23,61.74,13.77,5.08,67.19,42.12,9.29,0.27,663.58,77.12,38.43,0.57,..0.97
9.91,100,7.48,8.83,18.02,14.17,7.11,28.63,35.88,4.13,0.54,409.31,29.35,51.27,0.57,..0.97
2.2,89.42,4.06,11.36,72.5,10.64,4.22,1.88,5.34,1.04,0.92,592.3,84.05,64.44,0.57,..0.97
3.18,78.56,2.07,4.75,86.74,9.25,5.15,38.69,11.26,4.6,0.81,321.78,96.73,98.39,0.57,..0.97
5.18,100,5.46,5.27,58.83,15.73,8.75,17.49,32.54,1.31,0.89,801.36,99.54,13.94,0.57,..0.97
6.46,30.07,2.65,1.71,67.22,1.29,5.82,90.37,81.39,4.25,0.41,19.9,21.04,74.82,0.57,..0.97
5.6,39.67,4.59,4.31,48.16,2.69,3.42,74.45,67.27,4.24,0.59,627.11,11.2,51.99,0.57,..0.97
9.32,100,2.35,3.34,15.7,19.66,6.07,29.18,51.56,7.07,0.22,57.75,66.56,84.85,0.57,..0.97
1.17,100,1.27,5.64,27.96,17.36,8.7,55.59,17.82,8.71,0.36,275.11,52.65,95.53,0.57,..0.97
7.93,82.29,6.65,10.78,44.81,9.22,7.49,12.01,21.98,2.82,0.29,205.61,81.34,35.09,0.58,..0.97
3.04,50.86,2.47,10.44,45.76,1.56,2.03,86.99,66.84,2.74,0.03,927.3,68.92,5.2,0.58,..0.97
5.18,37.25,8.15,3.95,77.48,2.05,6.5,11.18,45.12,1.52,0.34,626.22,31.32,68.51,0.58,..0.97
3.23,75.57,8.6,17,4.09,0,4.47,9.17,5,8.96,0.49,917.34,79.56,75.27,0.58,..0.97
6.35,100,5.4,11,5.5,9,4.85,15.46,9.9,6.69,0.99,0,39.98,64.55,0.58,..0.97
9.44,100,0.99,6.46,11.61,15.54,6.67,15.53,94.73,8.33,0.45,701.15,18.82,72.17,0.58,..0.97
4.64,90.25,9.66,12.84,38.17,8.16,5.08,82.73,78.31,1.43,0.74,511.13,33.36,11.95,0.58,..0.97
7.2,100,0.1,6.31,65.5,19.69,9.92,10.61,19.41,4.48,0.5,504.69,7.11,42.15,0.58,..0.97
5.28,100,6.12,8.43,39.13,16.57,7.89,86.18,96.65,4.14,0.51,576.58,11.11,42.51,0.58,..0.97
4.32,100,7.62,2.59,32.34,18.41,6.3,78.56,91.31,2.71,0.73,0,44.91,90.04,0.59,..0.97
1.44,100,6.74,8.18,73.46,12.82,6.01,46.68,71.16,8.48,0.1,529.72,80.32,23.86,0.59,..0.97
6.94,100,5.51,6.21,79.63,16.79,9.53,3.37,54.86,2.52,0.84,347.04,2.14,6.27,0.59,..0.97
5.92,100,8.28,5.23,64.73,14.77,7.14,96.93,21.27,7.33,0.24,126.59,72.46,53.65,0.59,..0.97
2.74,79.97,9.55,8.32,73.31,8.68,5.67,41.16,43.61,1.01,0.77,679.74,84.41,4.85,0.59,..0.97
0.83,100,0.55,3.22,81.33,17.78,9.37,14.64,19.14,8.47,0.9,0,57.03,72.78,0.59,..0.97
5,100,2.9,2.23,82.09,18.77,4.67,91.29,20.15,7.6,0.99,161.14,63.3,2.65,0.59,..0.97
1.08,61.62,2.57,7.67,55.22,2.33,5.52,94.8,28.39,1.23,0.91,493.81,67.63,47.27,0.59,..0.97
0.12,100,0.34,10.59,7.34,16.41,8.05,13.41,14.35,5.03,0.64,219.98,89.78,74.28,0.59,..0.97
4.9,100,4.63,8.15,97.58,14.85,8.84,36.71,55.18,8.8,0.28,0,81.91,54.05,0.59,..0.97
3.57,100,2.07,8.14,99.32,13.86,7.13,80.76,38.46,2.54,0.13,664.64,11.96,39.39,0.59,..0.97
5.67,100,8.74,9.23,52.71,11.77,8.34,39.64,24.76,5.04,0.74,223.34,73.31,35.82,0.6,..0.97
5.54,100,1.18,4.18,92.83,16.82,3.74,88.45,66.97,7.67,1,457.26,39.78,57.99,0.6,..0.97
8.54,100,8.36,3.27,66.29,17.73,9.23,71.33,68.36,7.79,0.4,802.92,75.49,91.47,0.6,..0.97
5.7,85.98,3.79,12.88,38.44,9.12,8.36,28.25,86.14,4.21,0.09,325.41,30.51,99.56,0.6,..0.97
7.54,100,6.62,8.2,74.85,14.8,2.92,25.92,50.41,7.66,0.61,611.18,51.44,85.99,0.6,..0.97
5.12,100,1.72,6.2,54.49,10.8,7.63,89.33,63.59,6.72,0.19,812.06,4.13,91.69,0.6,..0.97
2.1,100,9.42,5.03,17.41,16.97,4.89,53.05,17.37,5.15,0.23,254.92,13.26,12.51,0.6,..0.97
9.82,100,2.67,7.31,54.66,16.69,9.06,19.76,8.65,7.83,0.82,621.03,41.25,78.59,0.6,..0.97
4.53,100,1.82,8.43,36.94,15.57,2.86,38.94,70.56,9.21,0.35,710.65,47.29,57.48,0.6,..0.97
6.34,26.61,7.36,1.53,40.26,0.47,3.97,91.27,90.72,5.84,0.66,800.4,98.23,94.73,0.61,..0.97
3.09,100,5.58,3.9,22.28,19.1,7.9,3.71,13.34,3.69,0.33,820.73,31.08,90.2,0.61,..0.97
0.82,100,9.57,4.18,98.98,17.82,8.3,54.74,32.9,8.21,0.92,41.41,74.65,38.48,0.61,..0.97
0.6,100,5.4,6.88,18.21,15.12,5.61,4.43,59.21,9.97,0.11,139.78,42.21,8.39,0.61,..0.97
2.1,57.23,2.93,5,58.31,3,2.94,58.89,89.05,6.16,0.16,247.83,95.2,46.92,0.61,..0.97
9.72,37.68,8.17,3.58,86.58,1.42,7.78,27.84,68.02,1.35,0.34,558.89,73.2,39.57,0.61,..0.97
2.58,62.99,5.91,11.85,8.95,0.15,5.17,56.34,10.2,2.31,0.36,713.97,22.61,38.88,0.61,..0.97
8.16,100,0.01,7.29,41.72,11.71,5.51,59.46,20.54,6.38,0.91,0,7.1,55.46,0.61,..0.97
2.02,66.28,6.55,6.49,56.72,6.51,4.6,70.3,63.49,2.55,0.83,838.54,68.93,87.58,0.61,..0.97
1.68,100,8.8,5.22,78.62,16.78,9.07,81.38,72.74,4.84,0.05,808.74,10.61,1.27,0.61,..0.97
0.03,100,7.29,5.13,96.5,12.87,5.88,45.29,65.69,3.89,0.31,634.98,86.18,3.05,0.61,..0.97
1.38,100,7.16,8.09,14.72,14.91,2.48,36.17,10.64,7.76,0.4,506.65,31.24,26.94,0.62,..0.97
3.69,54.55,8.9,7.69,14.41,0.31,3.18,14.17,90.36,3.05,0.54,644.38,54.41,1.68,0.62,..0.97
2.43,100,2.14,4.8,20.03,15.2,2.71,60.68,1.05,9.18,0.78,853.01,3.88,46.36,0.62,..0.97
0.34,100,6.3,7.11,92.88,9.89,6.58,13.43,19.12,6.12,0.36,273.47,4.44,23.41,0.62,..0.97
9.4,100,9.03,4.21,81.61,16.79,6.33,99.37,49.95,3.66,0.81,830.36,10.39,60.63,0.62,..0.97
2.9,69.24,2.64,14.19,16.24,1.81,4.27,94.57,96.9,2.13,0.74,509.91,35.18,56.21,0.62,..0.97
5.77,73.7,1.29,8.86,63.81,3.14,1.51,68.96,11.47,6.86,0.13,761.06,92.36,8.72,0.62,..0.97
3.19,80.57,9.07,15.18,1.79,0,3.95,85.97,25.8,2.15,0.85,507.67,91.27,21.39,0.63,..0.97
3.6,72.66,4.3,13.87,17.4,1.13,3.53,89.49,91.85,1.85,0.79,578.71,41.52,28.91,0.63,..0.97
0.06,100,8.02,6.35,45.41,15.65,8.58,57.72,35.96,9.6,0.85,0,78.36,29.62,0.63,..0.97
0.75,100,6.35,10,8.02,14,4.98,29.15,79.5,8.13,0.08,144.52,50.64,8.16,0.64,..0.97
5.09,100,1.75,5.52,6.34,13.48,5.5,21.58,47.32,4.91,0.4,798.42,53.48,63.64,0.64,..0.97
0.71,68.32,9.08,4.48,77.66,7.52,9.59,46.85,37.74,4.21,0.26,639.84,95.52,91.7,0.64,..0.97
0.52,41.28,6.06,6.51,20.24,1.49,3.89,32.84,15.4,4.21,0.9,825.03,16.57,45.41,0.64,..0.97
4.42,100,1.22,9.17,10.25,10.83,8.62,18.78,35.71,9.48,0.7,60.52,30.56,46.65,0.64,..0.97
0.08,100,2.79,4.28,56.21,15.72,9.91,36,82.02,1.25,0.46,822.57,67.59,68.35,0.64,..0.97
4.98,100,4.64,9.63,6.46,14.37,2.91,2.52,31.07,5.43,0.63,0,84.36,90.83,0.64,..0.97
2.25,100,9.75,6.22,64.08,13.78,4.66,52.41,51.3,4.76,0.81,774.97,64.02,24.6,0.64,..0.97
2.53,100,7.11,4.2,81.31,15.8,9.62,9.66,15.51,8.02,0.46,596.61,55.99,62.72,0.64,..0.97
7.63,100,4.14,4.78,23.1,17.22,7.18,2.36,14.78,7.98,0.18,691.3,39.93,56.63,0.64,..0.97
4.64,100,8.58,2.2,91.09,17.8,7.47,12.55,71.78,2.61,0.52,178.7,93.73,18.23,0.64,..0.97
9.21,100,9.37,4.69,10.06,15.31,8.95,8.17,88.24,4.58,0.44,597.42,66.39,17.69,0.64,..0.97
9.71,100,1.15,8.28,49.14,13.72,3.25,92.09,69.16,8.08,0.73,366.37,92.38,31.2,0.64,..0.97
6.17,60.35,4.59,8.08,39.05,0.92,1.3,34.32,46.2,6.49,0.33,657.79,11.79,31.21,0.64,..0.97
8.7,100,0.09,6.44,34.38,14.56,7.12,68.72,27.79,9.96,0.78,396.34,92.52,81.97,0.64,..0.97
3.53,100,6.85,6.41,11.32,14.59,9.66,91.08,61.78,4.16,0.44,0,15.88,10.48,0.64,..0.97
5.62,100,5.8,2.35,54.72,18.65,5.45,48.11,57.47,5.98,0.89,359.68,54.33,19.16,0.64,..0.97
7.96,36.17,9.8,1.99,7.65,0.01,6.07,43.16,94.43,5.23,0.64,253.3,67.73,47.76,0.65,..0.97
3.95,100,0.55,5.36,38.65,13.64,7.3,6.14,97.41,4.18,0.19,668.08,4.74,56.34,0.65,..0.97
4.06,100,6.12,9.5,10.02,13.5,1.82,55.64,94.33,7.01,0.3,110.18,26.72,81.5,0.65,..0.97
9.06,96.7,8.94,17.43,21.44,2.57,1.15,71.37,90.96,8.86,0.38,74.79,97.8,15.41,0.65,..0.97
8.56,94.73,1.54,20.4,14.52,1.6,1.44,87.41,21.3,8.33,0.46,39.35,80.34,7.44,0.65,..0.97
3.62,100,3.25,8.11,94.44,9.89,3.83,8.89,77.51,2.51,0.99,330.6,29,63.81,0.65,..0.97
7.6,100,3.37,6.72,22.25,15.28,9.89,48.65,26.75,1.08,0.54,392.98,96.9,89.61,0.66,..0.97
3.35,39.05,9.64,1.53,96.28,1.47,9.33,72.35,25.33,2.98,0.55,229.26,4.19,20.43,0.66,..0.97
0.09,86.4,1.2,14.52,26.29,2.48,1.16,67.21,4.15,8.16,0.08,548.01,78.46,27.61,0.66,..0.97
0.12,100,5.99,16.91,1.39,3.09,7.03,75.56,68.14,9.85,0.99,215.41,90.68,18.01,0.66,..0.97
4.02,100,4.02,6.48,29.45,13.52,8.16,96.94,68.79,1.9,0.39,34.17,59.37,95.8,0.66,..0.97
4.51,56.84,2.85,5.94,78.85,2.06,2.75,57.39,52.06,3.7,0.66,743.06,28.73,72.95,0.66,..0.97
8.84,100,7.63,4.32,36.93,11.68,8.58,12.78,84.32,9.1,0.54,24.59,27.22,59.88,0.66,..0.97
8.94,100,8.88,4.36,50.3,17.64,6.54,77.43,47.85,4.03,0.83,397.13,1.04,58.4,0.66,..0.97
3.75,97.87,7.03,7.99,87.85,10.01,5.87,89.38,2.26,3.23,0.26,441.74,5.49,25.73,0.66,..0.97
8.68,98.32,9.74,18.08,17.98,2.92,3.84,70.43,43.3,5.58,0.19,721.48,67.74,96.26,0.67,..0.97
7.24,100,3.2,4.27,63.91,16.73,4.9,59.27,24.1,5.16,0.2,724.28,22.6,95.2,0.67,..0.97
1.63,47.95,2.29,1.59,84.2,1.41,5.5,48.07,61.29,6.6,0.97,859.6,76.33,86.65,0.67,..0.97
1.81,100,0.98,2.29,58.85,16.71,7.11,57.47,82.13,8.36,0.94,314.6,2.22,84.68,0.67,..0.97
9.1,100,7.47,9.91,4.46,10.09,9.74,22.13,36.88,6.14,0.29,0,92.9,55.4,0.67,..0.97
1.8,54.51,3.61,6.85,11.28,0.15,3.76,88.45,84.18,2.98,0.81,31.12,44.33,57.94,0.67,..0.97
0.68,100,4.36,5.77,20.69,15.23,8.08,69.41,2.9,9.42,0.84,740.88,64.5,63.44,0.67,..0.97
5.23,81.95,7.24,10.56,76.66,5.44,3.84,58.56,80.78,2.53,0.12,586.11,14.65,38.51,0.67,..0.97
1.09,100,9,8.66,19.62,12.34,6.1,51.06,14.65,2.88,0.72,0,2.77,39.27,0.68,..0.97
6.34,100,8.47,1.35,49.01,16.65,8.12,44.68,21.39,5.5,0.9,451.33,33.18,64.11,0.68,..0.97
0.08,61.59,2.34,7.72,49.55,3.28,6.58,87.67,12.33,1.53,0.26,507.17,99.37,97.02,0.68,..0.97
3.4,100,4.45,9.16,48.93,7.84,9.66,7.97,47.25,8.74,0.85,703.33,6.24,70.09,0.68,..0.97
0.8,79.48,1.99,7.58,42.6,6.42,8.61,11.26,23.96,1.34,0.6,350.36,90.32,89.91,0.68,..0.97
6.7,100,7.42,1.25,63.06,15.75,9.49,95.53,13.04,4.63,0.49,356.8,36.07,37.87,0.68,..0.97
6.9,100,0.05,7.39,33.03,12.61,3.45,56.13,49.9,6.49,0.39,140.62,23.41,51.21,0.68,..0.97
9.01,100,4.91,5.15,85.77,12.85,6,68.56,83.99,5.61,0.31,212.91,87.42,5.04,0.68,..0.97
2.24,77.49,6.85,4.05,90.74,7.95,5.75,0.15,86.63,4.26,0.83,906.16,52.62,94.89,0.68,..0.97
7.85,100,9.37,6.67,6,13.33,7.13,59.44,8.47,6.75,0.84,456.64,42.59,18.4,0.68,..0.97
6.7,100,1.76,6.17,70.16,11.83,9.6,38.93,22.22,9.12,0.07,189.32,84.14,23.24,0.69,..0.97
3.05,100,4.19,3.38,39.19,14.62,4.42,24.89,78.11,5.66,0.71,170.7,16,88.42,0.69,..0.97
0.71,89.74,8.93,7.84,60.26,9.16,3.53,34.83,30.41,7.64,0.67,279.59,23.3,33.31,0.69,..0.97
7.09,100,1.34,9.9,5.27,8.1,8.04,49.94,11.89,7.79,0.32,828.27,16.45,47.57,0.69,..0.97
1.84,70.88,0.24,5.12,69.71,5.88,2.92,29.01,79.47,9.07,0.67,85.51,51.35,2,0.69,..0.97
8.98,100,6.03,7.68,22.04,14.32,9.16,52.49,55.9,5.62,0.47,41.74,69.55,66.31,0.69,..0.97
6.2,100,0.38,8.57,20.89,11.43,3.59,14.39,79.54,9.87,0.09,0,85.79,51.26,0.69,..0.97
5.76,100,5.41,9.2,55.45,10.8,4.82,59.84,51.78,9.41,0.22,868.88,82.12,76.89,0.69,..0.97
7.63,100,5.54,8.15,73.31,10.85,5.52,3.32,71.99,8.04,0.28,429.49,88.12,98.96,0.69,..0.97
9.86,100,7.08,5.22,59.9,12.78,4.54,31.9,39.55,5.81,0.39,212.7,17.59,28.53,0.7,..0.97
0.17,100,1.27,7.25,47.66,11.75,8.73,16.88,62.73,6.1,0.14,356.89,46.31,35.84,0.7,..0.97
8.94,100,3.49,8.75,14.65,10.25,5.34,6.58,90.84,5.28,0.01,465.25,21.41,15.13,0.7,..0.97
0.1,100,6.61,3.36,11.06,13.64,6.04,14.91,16.02,7.9,0.98,323.32,67.3,83.34,0.7,..0.97
0.92,100,3.44,7.09,85.37,7.91,9.38,39.26,40.01,7.07,0.26,284.86,64.49,12.73,0.7,..0.97
7.41,81.48,0.77,9.71,25.07,0.29,1.08,29.6,36.15,8.31,0.45,91.8,76.5,30.89,0.7,..0.97
4.22,74.12,8.53,8.57,11.96,0.43,9.69,63.19,91.25,3.74,0.02,603.46,88.9,19.78,0.7,..0.97
3.97,100,5.75,8.15,64.53,9.85,5.87,4.93,79.94,2.25,0.08,807.2,94.82,54.16,0.7,..0.97
3.03,100,1.15,5.29,56.12,15.71,8.66,4.65,96.97,4.47,0.33,230.28,13.23,90.51,0.7,..0.97
0.4,100,2.87,5.4,29.78,11.6,5.1,42.69,7.37,3.92,0.52,0,24.22,41.33,0.7,..0.97
5.02,100,4.7,7.14,87.43,11.86,7.2,83.62,62.57,6.57,0.6,730.79,10.31,36.68,0.7,..0.97
7.49,74.23,9.89,10.08,18.13,1.92,4.93,66.41,94.52,5.84,0.83,868.87,30.72,83.23,0.7,..0.97
0.49,87.25,4.31,9.35,63.74,5.65,3.63,92.73,60.86,2.96,0.68,401.42,58.03,95.13,0.71,..0.97
5.23,100,5.85,6.2,69.19,13.8,2.53,35,1.91,8.57,0.13,485.38,15.73,5.68,0.71,..0.97
1.92,94.37,2.01,10.84,40.69,7.16,4.27,11.27,23.97,2.51,0.96,747.1,10.19,22.8,0.71,..0.97
4.2,100,2.39,21.38,1.05,0.62,6.23,37.96,10.87,8.72,0.51,687.83,85.47,47.5,0.71,..0.97
9.6,100,3.69,9.22,40.44,8.78,4.34,84.23,14.1,4.67,0.91,276.62,33.73,35.08,0.71,..0.97
1.06,100,8.95,8.12,89.63,10.88,4.43,5.91,53.15,3.95,0.11,0,13.54,55.99,0.71,..0.97
3.62,87.96,5.46,9.12,88.52,7.88,1.68,12.87,20.11,7.7,0.56,297.37,14.74,77.48,0.71,..0.97
1.75,100,5.28,2.6,28.27,16.4,6.36,26.27,65.41,3.2,0.67,560.47,68.27,17.38,0.71,..0.97
0.09,99.92,4.11,12.12,77.57,8.88,8.25,8.09,16.42,1.1,0.25,0,30.08,86.86,0.71,..0.97
8.55,100,5.02,9.2,7.49,7.8,7.27,22.79,84.39,9.84,0.92,91.56,57.93,56.43,0.71,..0.97
2.7,100,0.97,3.22,65.09,13.78,5.64,96.22,46.84,6.33,0.33,714.25,46.52,54.72,0.71,..0.97
8.39,60.19,1.05,7.68,71.58,1.32,2.93,96.15,68.45,2.73,0.68,520.25,56.73,83.96,0.71,..0.97
6.93,71.27,6.7,4.3,65.05,5.7,7.83,26.13,90.24,4.67,0.48,557.58,54.24,95.84,0.71,..0.97
7.61,95.7,9.74,7.21,96.53,11.79,5.77,13.75,52.84,5.5,0,23.75,36.33,74.98,0.72,..0.97
3.45,100,5.75,4.5,10.64,14.5,6.55,4.45,32.53,8.33,0.75,57.87,35.91,37.66,0.72,..0.97
3.27,100,8.03,6.13,82.07,10.87,7.29,69.88,38.92,9.65,0.77,0,20.81,44.64,0.72,..0.97
5.85,100,0.31,9.14,65.36,8.86,4.93,52.39,75.23,3.65,0.38,47.02,78.06,98.32,0.72,..0.97
5.88,100,1.74,7.33,36.16,11.67,2.41,40.75,0.81,9.39,0.8,294.16,61.55,20.13,0.72,..0.97
7.32,83.07,6.86,14,3.95,0,9.99,59.86,84.19,1.36,0.53,92.13,45.66,91.82,0.72,..0.97
1.66,100,6.28,8.15,45.74,6.85,2.56,50.8,62.38,7.94,0.94,658.18,7.01,72.74,0.72,..0.97
4.63,78.66,3.81,4.54,88.9,6.46,5.73,77,23.55,5.84,0.21,342.53,85.9,42.96,0.72,..0.97
8.84,100,2.23,5.21,70.63,14.79,5.95,32.35,56.27,3.55,0.5,0,58.14,34.89,0.72,..0.97
9.57,67.25,9.1,7.05,70.93,3.95,1.99,2.39,8.79,6.13,0.48,205.61,17.08,5.39,0.73,..0.97
9.71,100,5.15,3.4,35.14,13.6,5.48,92.17,23.99,2.96,0.95,81.61,7.26,69.63,0.73,..0.97
1.54,100,5.52,7.23,51.18,11.77,6.62,87.61,94.47,3.92,0.82,430.59,74.92,59.72,0.73,..0.97
3.37,100,0.73,6.13,78.59,9.87,2.82,57.85,6.85,8.17,0.56,158.29,88.44,2.98,0.73,..0.97
8.9,62.31,8.19,4.11,90.49,2.89,4.3,38.1,76.71,3.57,0.93,0,18.97,47.12,0.73,..0.97
6.35,100,3.76,9.45,26.49,11.55,7.22,76.82,40.57,8.78,0.86,545.6,85.26,61.24,0.74,..0.97
6.6,100,3.74,8.11,81.65,8.89,6.82,90.69,79.86,9.91,0.7,699.11,31.19,39.04,0.74,..0.97
3.06,100,4.42,3.19,9.23,9.81,5.38,16.48,59.73,6.15,0.58,848.76,33.46,80.86,0.74,..0.97
7.3,100,0.17,9.15,66.18,9.85,4.49,39.45,8.89,4.93,0.81,647.83,57.47,30.12,0.74,..0.97
2.99,100,5.97,4.2,59.47,11.8,2.62,66.08,49.83,9.23,0.75,434.48,18.33,17.02,0.74,..0.97
3.63,70.35,7.58,3.66,73.31,3.34,9.77,2.49,23.76,1.41,0.86,917.45,82.52,22.2,0.74,..0.97
6.19,100,9.65,9.37,3.79,6.63,1.8,94.44,69.39,7.69,0.95,109.14,67.06,37.41,0.74,..0.97
6.37,100,1.53,7,10,9,9.38,36.28,64.31,1.91,0.95,174.52,95.61,62.6,0.74,..0.97
2.55,100,6.75,6.12,98.11,11.88,8.45,26.31,15.78,2.65,0.48,9.65,50.92,19.54,0.74,..0.97
0.35,74.49,5.28,4.91,81.89,2.09,4.96,21.02,19.52,3.6,0.18,0,65.69,76.71,0.75,..0.97
8.16,100,9.83,1.16,89.35,13.84,8.69,62.38,68.2,3.56,0.89,891.34,45.32,21.13,0.75,..0.97
2.97,100,2.33,3.36,39.14,13.64,8.67,60.33,24.8,6.5,0.74,161.66,78.84,84.32,0.75,..0.97
1.51,100,6.31,9.14,41.57,5.86,6.13,68.93,44.05,7.98,0.4,136.1,53.22,20.27,0.75,..0.97
9.54,94.98,1.8,14.25,13.26,0.75,6.94,25.34,42.65,1.56,0.47,356.87,91.99,51.54,0.75,..0.97
7.3,100,8.85,9.08,86.38,6.92,8.41,43.98,47.97,5.67,0.38,430.65,24.73,60.08,0.75,..0.97
5.75,100,5.41,4.3,39.98,11.7,7.2,67.89,71.83,4.4,0.86,701.37,70.58,88.65,0.75,..0.97
5.53,100,9.14,9.35,17.33,5.65,3.23,85.48,21.6,6.59,0.79,62.07,4.83,26.7,0.76,..0.97
0.27,100,7.07,8.15,68.9,9.85,7.73,63.77,43.91,3.61,0.58,142.17,69.75,72.94,0.76,..0.97
5.75,100,4.97,4.11,91.94,9.89,8.01,26.49,67.34,3.61,0.94,221.85,39.34,28.51,0.76,..0.97
5.18,100,0.08,2.13,96.31,12.87,6.57,62.74,84.71,9.69,0.13,827.64,4.54,59.8,0.76,..0.97
6.37,100,2.7,8.16,37.19,5.84,3.83,9.56,13.93,3.7,0.83,8.32,92.3,93.78,0.76,..0.97
3,86.43,3.7,10.71,23.92,3.29,7.23,88.45,47.75,3.48,0.41,161.37,61.01,13.43,0.76,..0.97
0.98,75.29,7.4,5.42,69.7,4.58,9.19,91.48,12.98,1.26,0.62,101.39,79.43,32.45,0.76,..0.97
9.79,100,8.87,6.19,61.97,11.81,7.44,60.39,48.74,6.43,0.37,770.77,74.62,61.26,0.76,..0.97
0.85,100,5.4,9.12,86.93,9.88,3.52,71.51,38.92,4.99,0.11,37.36,96.46,26.98,0.76,..0.97
4.89,100,9.98,8.16,51.28,7.84,2.93,88.58,64.02,6.25,0.93,245.13,96.22,15.59,0.76,..0.97
9.37,100,1.74,1.17,87.31,14.83,8.71,3.7,37.15,6.01,0.98,0,83.74,74.49,0.76,..0.97
3.17,100,3.74,8.22,26.92,5.78,3.33,65.4,81.62,7.13,0.98,417.79,12.02,73.09,0.76,..0.97
1.75,100,9.89,9.14,49.13,6.86,3.52,83.13,73.78,6.86,0.21,0,97.63,48,0.76,..0.97
0.18,100,1.72,3.26,42.1,10.74,5.94,26.1,51.38,8.72,0.74,356.69,26.53,12.53,0.77,..0.97
7.73,100,2.94,8.27,29.97,7.73,8.68,92.33,90.96,7.36,0.2,656.25,53.51,7.54,0.77,..0.97
2.26,100,6.56,9.16,55.97,8.84,6.35,14.62,60.58,7.47,0.78,472.14,71.23,52.77,0.77,..0.97
5.67,100,6.58,8.05,91.23,4.95,4.41,69.07,43.63,6.13,0.55,405.38,10.51,16.92,0.77,..0.97
5.6,100,0,7.97,6.59,11.03,5.06,94.23,36.65,3.68,0.95,541.31,36.92,93,0.77,..0.97
2.08,98.71,0.31,15.87,7.89,0.13,4.45,41.24,69.48,8.55,0.36,821.99,10.19,89.07,0.77,..0.97
1.31,100,8.06,6.3,32.9,9.7,5.62,95.4,64.4,7.96,0.18,347.5,32.39,62.71,0.77,..0.97
9.33,62.88,9.81,5.9,24.05,1.1,2.11,16.63,25.97,9.72,0.05,154.05,61.44,37.43,0.77,..0.97
4.6,100,5.09,8.12,96.34,11.88,6.73,43.53,93.08,3.89,0.23,249.69,36.75,27.79,0.77,..0.97
4.83,100,0.93,4.38,36.69,13.62,4.63,48.24,32.89,6.05,0.72,204.65,75.31,2.86,0.77,..0.97
6.38,73.12,7.69,6.27,54.34,1.73,3.07,55.39,26.27,4.26,0.76,334.97,47.03,94.77,0.77,..0.97
4.28,85.2,1.28,10.27,36.21,1.73,4.52,7.91,51.17,1.89,0.89,745.13,52.21,87.34,0.77,..0.97
6.2,78.57,6.97,5.32,16.05,0.68,8.38,46.27,37.7,6.08,0.65,874.9,38.99,92.66,0.77,..0.97
5.56,88.91,6.24,8.89,77.96,4.11,1.98,68.74,96.24,5.71,0.78,373.33,78.29,11.41,0.77,..0.97
5.84,100,7.34,7.14,86.26,11.86,4.98,89.8,62.97,7.74,0.41,289.77,65.23,43.16,0.78,..0.97
4.26,100,3.6,9.63,14.23,8.37,4.8,44.85,84.91,3.63,0.5,616.79,23.76,71.69,0.78,..0.97
6.5,100,6.28,6.1,78.54,7.9,8.19,87.17,7.56,3.72,0.59,891.44,97.25,76.28,0.78,..0.97
2.18,100,6.59,6.13,82.51,10.87,8.93,80.11,17.11,3.19,0.83,0,38.57,2.66,0.78,..0.97
9.37,100,9.76,5.98,8.1,14.02,4.93,75.16,29.75,2.41,0.86,151.25,76.57,6.96,0.78,..0.97
1.66,100,3.28,2.22,60.4,12.78,7.58,79.76,85.48,8.75,0.66,459.1,85.84,25.46,0.78,..0.97
3.3,100,2.12,6.13,85.82,10.87,5.61,12.21,84.91,2.06,0.78,488.93,38.43,67.77,0.78,..0.97
8.62,100,3.19,9.09,69.3,5.91,6.66,25.46,53.83,8.65,0.81,671.27,8.22,78.64,0.78,..0.97
2.15,100,3.53,7.2,25.15,4.8,3.36,60.02,52,6.59,0.14,866.58,96.08,52.62,0.78,..0.97
7.83,82.87,6.83,6.72,40.54,4.28,3.84,49.28,59.82,6.83,0.88,360,28.48,45.51,0.79,..0.97
8.34,100,0.89,5.17,72.63,11.83,5.54,61.23,96.96,9.96,0.1,380.31,94.66,95.26,0.79,..0.97
5.67,100,8.45,4.69,16,10.31,7.34,78.08,34.94,6.6,0.28,101.52,26.25,81.87,0.79,..0.97
1.72,100,8.56,8.11,64.86,6.89,5.54,31.04,68.45,4.86,0.07,0,84.63,61.59,0.79,..0.97
9.9,100,7.89,8.12,91.17,10.88,3.72,23.02,25.77,9.48,0.69,749.23,22.55,36.12,0.79,..0.97
6.31,100,2.46,2.6,21.65,12.4,9.68,91.35,46.51,9.5,0.56,551.21,86.38,71.73,0.79,..0.97
7.19,67.14,4.59,5.04,27.01,0.96,5.35,4.66,11.09,3.28,0.89,788.86,38.75,48.5,0.79,..0.97
3.27,100,0.42,5.57,19.22,10.43,7.28,3.04,49.93,3.23,0.59,0,91.66,1.42,0.79,..0.97
5.44,100,1.19,9.15,61.12,8.85,5.39,89.27,94.17,8.69,0.67,589.78,4.32,44.17,0.79,..0.97
7.32,100,2.49,6.1,93.79,8.9,8.91,70.21,37.45,2.41,0.11,222.06,87.43,91.41,0.79,..0.97
8.71,100,7.56,3.19,75.55,13.81,9.82,84.32,69.72,7.38,0.09,654.7,17.64,50.64,0.79,..0.97
6.92,68.32,4.36,4.53,39.71,0.47,8.5,88.68,38.43,1.97,0.06,431.18,43.64,81.93,0.79,..0.97
5.3,96.44,9.38,5.06,64.49,6.94,7.81,46.72,93.66,8.11,0.38,57.46,75.09,8.14,0.79,..0.97
1.5,100,2.68,9.21,34.02,6.79,6.02,95.24,10.74,2.76,0.13,559.52,32.87,40.07,0.8,..0.97
2.46,90.59,7.83,9.34,33.77,3.66,6.76,9.12,11.55,2.78,0.24,686.83,65.45,37.38,0.8,..0.97
5.61,54.9,7.84,1.34,72.31,0.66,7.81,5.54,23.1,6.25,0.77,533.66,53.01,13.08,0.8,..0.97
5.06,100,5.86,6.29,30.89,8.71,1.71,55.04,56.59,9.79,0.37,308.89,73.88,63.37,0.81,..0.97
2.52,100,1.95,7.91,4.19,6.09,8.76,35.06,38.65,5.09,0.43,152.87,86.59,42.86,0.81,..0.97
0.05,100,5.38,3.66,18.25,11.34,8.39,62.05,97.13,2.46,0.44,893.39,67.67,23.97,0.81,..0.97
0.4,79.88,5.83,4.41,88.72,3.59,5.28,97.16,61.76,3.85,0.7,753.68,11.77,49.99,0.81,..0.97
9.11,100,4.91,2.13,85.92,10.87,5.45,10.39,30,8.78,0.9,844.03,10.63,49.17,0.81,..0.97
8.64,100,0.72,7.1,79.94,7.9,4.43,97.66,94.25,2.82,0.43,702.52,32.83,26.4,0.81,..0.97
8.23,91.95,3.75,12.15,19.75,2.85,5.23,74.71,62.21,4.6,0.92,695.44,8.63,48.64,0.81,..0.97
4.65,89.5,3.61,14.99,5.8,0.01,8.15,34.46,85.11,2.77,0.41,239.61,86.91,48.69,0.81,..0.97
5.45,100,7.72,1.41,26.67,10.59,6.91,83.68,64.58,7.37,0.66,810.33,92.26,29.7,0.81,..0.97
4.78,100,2.25,8.06,71.63,3.94,5.54,80.01,57.61,5.1,0.73,28.54,47.99,93.39,0.81,..0.97
3.93,89.2,0.14,7.77,59.05,4.23,5.21,86.6,64.33,3.21,0.13,557.91,51.54,56.49,0.81,..0.97
3.01,100,5.92,9.58,10.35,5.42,5.46,65.54,76.94,8.73,0.59,417.45,45.13,1.51,0.81,..0.97
8.6,100,4.79,4.17,70.92,11.83,8.08,87.33,35.75,8.76,0.6,0,32.92,47.33,0.81,..0.97
2.19,100,4.6,6.29,23.86,6.71,8.39,29.05,99.25,1.19,0.86,338.45,19.4,50.09,0.82,..0.97
4.43,67.19,1.28,1.85,53.62,1.15,8.83,39.58,80.04,7.37,0.09,304.21,9.95,98.48,0.82,..0.97
6.87,83.32,5.63,11.36,15.69,0.64,4.17,90.69,54.57,2.66,0.27,896.51,10.82,53.68,0.82,..0.97
6.57,100,2.63,10.34,2.99,4.66,9.96,87.68,82.07,2.44,0.11,786.45,2.56,70.69,0.82,..0.97
3.47,100,5.06,9.67,10.49,6.33,3.85,81,50.36,8.8,0.68,284.27,19.24,68.93,0.82,..0.97
2.15,98.8,5.85,7.36,50.43,6.64,5.47,82.79,25.05,5.25,0.63,475.86,47.72,2.63,0.82,..0.97
7.64,100,4.4,4.82,10.94,8.18,9.64,64.04,29.39,1.88,0.47,885.82,1.76,98.33,0.82,..0.97
0.38,100,7.78,2.16,74.71,11.84,6.63,79.94,50.07,7.13,0.45,213.9,15.24,23.5,0.82,..0.97
7.41,100,0.31,2.2,64.3,12.8,6.04,69.95,30.16,5.31,0.81,897.73,54.26,59.33,0.82,..0.97
0.54,100,2.13,6.83,13.23,10.17,5.61,61.33,55.97,4.22,0.42,273.87,29.37,44.05,0.82,..0.97
7.11,100,3.69,5.31,25.4,7.69,3.08,61.77,98.88,7.73,0.15,569.93,35.08,15.46,0.82,..0.97
8.42,100,3.43,3.44,25.23,10.56,5.81,30.92,49.6,6.14,0.95,178.18,9.23,50.59,0.82,..0.97
9.09,100,6.84,9.25,31.99,7.75,6.02,22.74,40.14,9.66,0.55,466.99,69.92,86.53,0.82,..0.97
8.51,100,2.91,7.06,82.05,4.94,4.74,17.32,1.01,9.6,0.34,558.98,66.57,85.94,0.82,..0.97
9.23,100,1.39,6.09,76.87,6.91,7.8,92.62,76.08,6.16,0.11,366.08,62.33,59.98,0.82,..0.97
9.41,100,0.06,9.09,52.65,4.91,7.21,49.85,1.69,9.41,0.03,15.48,14.96,11.73,0.82,..0.97
5.95,100,8.94,7.17,64.67,10.83,4.28,43.38,14.15,5.98,0.13,475.37,94.59,18.6,0.83,..0.97
4.08,100,6.79,2.4,35.12,13.6,8.09,9.96,58.75,8.4,0.06,452.92,60.7,50.45,0.83,..0.97
9.89,86.23,4.38,8.62,78.93,1.38,4.73,6.08,35.84,2.1,0.67,322.43,65.13,49,0.83,..0.97
8.11,100,2.08,8.25,20.22,4.75,4.27,65.96,34.18,3.06,0.65,683.58,39.22,79.02,0.83,..0.97
1.31,100,0.3,4.13,69.73,8.87,4.73,93.87,75.99,7.85,0.09,365.75,19.9,61.15,0.83,..0.97
2.69,100,9.63,6.08,90.79,6.92,3.03,8.31,63.89,7.35,0.19,248.41,90.33,38.17,0.83,..0.97
0.78,100,5.22,9.11,52.33,5.89,8.65,30.46,55.7,5.09,0.66,826.27,72.51,20.56,0.83,..0.97
8.61,100,7.98,8.1,58.86,5.9,2.63,79.73,1.67,8.35,0.01,0,9.24,23.73,0.84,..0.97
3.26,100,3.28,9.05,91.53,4.95,4.85,6.98,81.56,9.81,0.93,401.56,97.01,53.09,0.84,..0.97
1.19,100,6.44,5.1,78.17,7.9,6.45,38.76,1.22,6.04,0.96,553.9,24.68,54.14,0.84,..0.97
7.08,94.59,8.19,8.11,90.7,2.89,1.43,38.44,12.09,9.31,0.2,114.32,1.36,51.26,0.84,..0.97
7.41,100,0.76,9.15,46.51,6.85,9.06,62.87,64.87,7.81,0.54,80.4,5.31,48.04,0.84,..0.97
3.39,100,9.38,9.38,15.61,5.62,4.26,99.14,71.73,7.94,0.35,897.3,54.17,5.59,0.84,..0.97
6.45,100,0.43,8.07,81.41,5.93,6.31,61.26,62.73,6.52,0.54,69.87,49.92,18.87,0.84,..0.97
3.48,100,4.67,9.05,85.29,3.95,7.08,72.98,74.92,4.77,0.98,480.02,3.62,70.12,0.84,..0.97
9.01,100,5.31,4.1,95.97,9.9,9.42,63.51,15.2,5.8,0.05,39.98,92.03,24.43,0.84,..0.97
0.99,99.01,4.55,10.34,17.66,1.66,8.95,15.5,86.1,1,0.9,240.06,21.48,96.32,0.84,..0.97
0.38,100,1.97,8.11,54.37,5.89,4.37,60.12,72.42,5.59,0.1,521.35,23.86,26.21,0.84,..0.97
9.62,100,6.6,7.18,32.55,5.82,4.88,51.02,44.29,3.73,0.91,15.13,15.59,10.74,0.84,..0.97
1.03,100,9.11,3.11,74.66,7.89,9.1,37.89,10.01,9.73,0.65,16.44,48.22,17.57,0.85,..0.97
4.79,100,2.25,9.14,50.01,6.86,9.08,41.28,4.82,6.04,0.07,586.83,65,73.41,0.85,..0.97
2.18,100,5.7,7.23,25.81,5.77,6.85,75.8,16.48,1.47,0.73,860.12,51.99,57.55,0.85,..0.97
2.67,100,2.14,6.13,69.85,8.87,3.45,36.83,69.42,5.23,0.53,49.71,88.11,41.97,0.85,..0.97
5.04,100,6.92,8.19,25.91,4.81,9.48,51.29,40.94,1.64,0.96,741.35,4.73,18.67,0.85,..0.97
6.61,100,1.52,9.46,10.92,4.54,4.28,22.33,62.44,3.72,0.87,417.15,63.2,32.95,0.85,..0.97
9.32,100,2.24,4.14,59.06,7.86,4.29,43.08,53.12,8.08,0.07,75.07,96.19,65.58,0.85,..0.97
5.98,100,8.89,8.93,6.48,5.07,7.07,21.73,34.24,1.31,0.84,392.87,61.7,10.9,0.86,..0.97
0.57,100,3.79,9.07,66.82,4.93,8.42,13.08,84.06,5.17,0.04,813.77,7.02,2.5,0.86,..0.97
4.54,100,0.45,9.07,56.39,3.93,5.43,21.51,67.81,8.41,0.04,0,10.31,83.27,0.86,..0.97
9.07,100,2.86,8.38,15.62,5.62,9.91,4.4,79.67,5.51,0.84,359,99.31,83.57,0.86,..0.97
8.99,100,7.82,7.06,68.79,3.94,7.79,0.28,79.82,3.81,0.69,879.58,89.92,52.57,0.86,..0.97
2.58,67.76,2.58,4.21,81.68,2.79,9.01,96.47,5.76,1.99,0.38,136.57,15.3,72.8,0.86,..0.97
9.97,99.44,2.91,9.94,18.82,2.06,6.51,11.62,57.96,8.52,0.61,685.1,15.44,21.99,0.86,..0.97
4.36,100,3.5,10.41,3.54,3.59,4.34,71.82,17.42,8.75,0.07,796.98,36.47,28.91,0.86,..0.97
2.15,79.24,7.43,2.35,93.57,3.65,6.42,34.42,49.28,7.55,0.94,687.41,65.01,55.03,0.86,..0.97
0.49,100,5.01,5.11,73.85,7.89,7.23,24.13,52.82,6.19,0.65,115.91,82.31,34.68,0.86,..0.97
3.14,100,2.04,9.97,3.55,5.03,3.06,15.81,61.27,5.06,0.55,289.04,42.93,25.05,0.86,..0.97
8.62,100,1.51,5.14,63.39,8.86,2.56,95.08,95.39,7.04,0.7,199.11,61.19,18.7,0.86,..0.97
2.7,100,4.66,8.08,59.63,4.92,3,15.43,66.86,9.94,0.15,793.64,57.3,17.26,0.86,..0.97
2.32,100,9.87,9.13,45.35,5.87,3.03,44.85,21.19,4.84,0.27,174.24,6.99,52.94,0.86,..0.97
2.22,100,0.75,9.04,73.68,2.96,8.84,56.09,83.83,2.67,0.53,277.73,22.62,70.22,0.86,..0.97
5.7,81.71,2,4.57,87.13,1.43,3.63,50.52,61.25,5.36,0.46,480.63,62.73,43.18,0.87,..0.97
2.32,100,5.61,3.13,61.36,7.87,8.68,17.32,70.67,8.11,0.84,613.72,96.42,81.69,0.87,..0.97
0.31,100,1.39,4.35,5.93,6.65,6.42,39.99,51.52,9.4,0.32,4.11,28.09,32.38,0.87,..0.97
1.05,100,5.05,1.4,25.16,9.6,9.33,73.9,54.92,9.52,0.43,0,49.04,76.07,0.87,..0.97
3.37,100,8.74,6.46,15.16,6.54,6.8,87.3,67.38,5.86,0.37,105.12,45.69,29.26,0.87,..0.97
3.73,100,5.12,5.51,11.8,5.49,6.11,40.13,18.22,4.94,0.66,0,48.44,1.23,0.87,..0.97
6.38,100,7.16,10.35,1.26,1.65,5.44,87.72,88.11,3.73,0.61,482.76,14.35,91.35,0.87,..0.97
1.21,100,3.59,6.07,91.94,5.93,3.16,66.29,23.35,6.94,0.42,0,6,19.71,0.87,..0.97
0.84,100,8.03,5.74,3.29,6.26,8.5,57.39,36.71,8.88,0.16,724.81,81.05,43,0.87,..0.97
5.77,100,9.73,7.07,70.56,4.93,8.11,48.72,51.72,2.16,0.17,250.89,60.79,73.97,0.87,..0.97
3.39,100,6.96,6.06,97.71,5.94,8.06,92.9,90.41,8.43,0.21,853.94,24.29,17.71,0.88,..0.97
1.91,78.22,6.69,2.93,47.71,1.07,5.1,31.64,52.66,7.02,0.57,275.29,90.06,11.45,0.88,..0.97
2.23,100,8.6,6.34,17.58,5.66,7.02,38.86,72.03,7.3,0.86,798.99,79.27,49.18,0.88,..0.97
3.19,100,6.14,9.91,1.39,3.09,7.75,45.1,35.27,4.6,0.63,528.85,81.28,37.98,0.88,..0.97
3.17,100,5.47,2.15,52.73,7.85,4.8,4.32,79.22,9.73,0.37,13.46,37.47,57.79,0.88,..0.97
7.93,100,9.98,3.2,39.4,7.8,8.15,93.37,91.47,9.23,0.02,376.69,85,89.67,0.88,..0.97
1.09,100,0.26,7.13,38.24,4.87,7.68,7.55,15.55,2.65,0.97,826.84,29.56,84.13,0.89,..0.97
8.71,100,0.48,9.31,9.63,2.69,9.33,28.19,11.72,3.74,0.96,0,46.4,57.97,0.89,..0.97
8.36,100,2.42,7.28,21.61,5.72,9.98,34.77,9.04,8.84,0.8,196.04,76.7,52,0.89,..0.97
4.52,87.18,5.44,10.84,10.07,0.16,2,85.23,29.25,6.98,0.26,310.04,25.49,42.03,0.89,..0.97
1.49,100,3.39,6.16,38.24,5.84,8.14,61.85,72.21,1.97,0.17,812.38,42.83,44.78,0.89,..0.97
3.99,100,6.04,5.12,50.34,5.88,3.78,72.45,33.25,9.66,0.69,659.16,6.91,54.68,0.89,..0.97
4.96,100,5.19,2.21,48.13,9.79,9.55,6.55,37.19,9.43,0.78,0,92.98,74.71,0.89,..0.97
0.52,100,9.97,8.78,5.16,3.22,9.05,60.81,34.88,5.49,0.95,0.16,5.7,58.91,0.89,..0.97
5.26,100,6.18,6.11,64.86,6.89,7.7,51.3,84.27,7.97,0.37,432.09,42.87,77.97,0.89,..0.97
8.62,100,9.63,8.22,23.14,4.78,3.45,75.3,95.15,9.9,0.23,26.58,72.98,16.5,0.89,..0.97
8.88,100,2.72,9.56,7.16,3.44,8.54,76.97,62.91,9.99,0.47,265.85,18.27,25.54,0.89,..0.97
8.83,100,3.12,7.07,76.84,4.93,3.78,69.29,85.63,8.64,0.9,412.18,59.86,87.86,0.9,..0.97
9.81,100,1.19,9.05,1.64,1.95,7.37,38.06,44.24,6.89,0.84,687.71,81.68,28.97,0.9,..0.97
8.59,100,6.87,4.54,11.06,5.46,9.99,92.59,25.17,6.5,0.39,257.01,66.93,89.39,0.9,..0.97
6.43,100,4.17,8.07,58.72,3.93,8.24,39.51,43.58,4.72,0.44,2.32,74.67,64.89,0.9,..0.97
7.62,100,8.78,7.05,73.63,3.95,4.37,21.02,9.41,4.08,0.31,613.28,6.74,74.63,0.9,..0.97
0.79,100,2.08,7.16,30.81,4.84,7.55,93.51,14.1,1.68,0.58,555.68,36.75,89.43,0.9,..0.97
1.63,100,3.03,6.23,21.9,4.77,1.96,39.28,74.17,9.47,0.27,825.94,63.86,95.34,0.9,..0.97
8.52,100,1.4,2.13,59.59,7.87,9.45,60.1,92.94,8.85,0.86,223.44,93.49,67.5,0.9,..0.97
2.95,100,8.71,9.02,99.48,1.98,3.25,75.77,97.28,7.63,0.9,835.34,67.26,66.23,0.9,..0.97
7.04,100,5.76,1.25,40.01,9.75,9.78,83.25,38.11,8.85,0.23,600.09,30.18,30.01,0.9,..0.97
9.41,100,4.56,5.22,27.79,5.78,3.8,95.3,0.02,6.88,0.19,32.67,75.44,80.4,0.9,..0.97
8.75,98.05,0.12,10.69,31.86,2.31,2.2,96.23,34.1,5.68,0.77,261.94,18.5,95.11,0.9,..0.97
1.97,100,8.02,8.15,26.02,3.85,4.35,53.8,39.13,2.79,0.2,368.29,55.84,15.75,0.91,..0.97
7.2,100,4.02,9.03,28.58,0.97,9.74,54.23,10.54,3.44,0.4,76.99,39.05,1.81,0.91,..0.97
8.55,100,0.85,3.4,19.84,7.6,4.97,68.25,40.15,7.67,0.46,322.27,40,79.76,0.91,..0.97
2.82,100,1.19,5.1,61.74,5.9,5.97,57.66,87.48,2.66,0.56,0,26.17,52.95,0.91,..0.97
3.36,81.65,4.4,3.91,23.82,1.09,7.17,34.91,57.1,7.9,0.84,733.64,73.5,68.07,0.91,..0.97
7.32,100,7.86,4.36,19.4,6.64,6.98,22.06,66.51,4.47,0.94,83.22,14.98,69.05,0.91,..0.97
7.35,100,0.14,5.23,21.5,4.77,9.15,99.53,8.94,7.47,0.21,543.81,87.99,82.46,0.91,..0.97
6.4,100,7.27,8.03,63.68,1.97,9.75,78.15,25.66,7.31,0.66,125.68,76.05,7.6,0.91,..0.97
8.12,86.73,9.27,4.04,97.97,2.96,3.22,87.45,50.17,8.87,0.06,547.05,9,29.91,0.91,..0.97
9.89,100,7.93,2.31,22.36,6.69,6.82,26.81,32.41,7.86,0.48,157.62,75.62,71.6,0.91,..0.97
9.26,100,4.39,9.05,56.9,2.95,2.01,12.93,5.92,6.91,0.62,588.99,56.67,44.05,0.91,..0.97
1.14,100,8.61,5.14,29.17,3.86,7.26,99.12,46.93,2.71,0.7,88.26,29,8.6,0.91,..0.97
4.65,100,7.94,7.06,87.67,4.94,3.89,0.51,42.06,7.59,0.05,109.38,41.39,79.62,0.91,..0.97
8.86,100,2.69,4.32,21.56,6.68,5.28,7.58,16.86,8.48,0.65,589.22,73.94,60.89,0.92,..0.97
3.25,100,1.77,4.6,11.68,6.4,3.93,90.51,43.78,5.64,0.47,140.58,34.81,97.2,0.92,..0.97
2.6,100,3.33,5.23,5.67,5.77,6.12,18.49,35.71,3.56,0.69,268.2,70.37,80.35,0.92,..0.97
1.37,100,1.73,9.08,26.4,1.92,4.54,1.27,33.55,5.74,0.2,246.18,54.81,22.74,0.92,..0.97
5.06,100,3.9,6.06,90.65,4.94,5.49,61.11,28.01,7.73,0.13,144.65,44.18,46.29,0.93,..0.97
4.42,100,8.35,4.15,32.3,4.85,7.87,99.16,99.32,6.33,0.62,525.78,94.73,59.33,0.93,..0.97
9.35,91.54,4.77,6,4.44,0,4.35,45.92,23.01,5.2,0.11,518.66,29.2,64.7,0.93,..0.97
5.31,100,9.83,9.31,3.23,0.69,3.7,63.69,42.89,3.5,0.72,482.94,90.22,31.46,0.93,..0.97
6.25,100,6.44,9.05,81.07,3.95,4.02,93.7,14.96,8.67,0.7,402.86,60.27,5.88,0.93,..0.97
4.08,100,7.3,5.62,6.41,3.38,5.46,19.63,6.91,4.41,0.09,397.72,21.38,71.2,0.93,..0.97
6.28,97.04,4.86,6.32,16.03,0.68,4.99,89.68,96.35,8.47,0.5,86.5,6.72,21.67,0.93,..0.97
6.36,100,5.06,4.71,7,4.29,6.12,46.45,70.51,6.64,0.34,481.25,9.6,64.73,0.93,..0.97
9.01,100,0.31,4.07,94.58,6.93,9.4,2.64,2.9,5.87,0.22,345.94,42.79,72.43,0.94,..0.97
5.51,99.66,2.51,6.81,30.24,2.19,8.88,23.43,33.14,2.9,0.41,0,45.81,21.92,0.94,..0.97
0.44,100,4.15,9.03,66.1,1.97,8.44,81.53,82.13,2.03,0.16,714.73,61.8,10.56,0.94,..0.97
7.59,100,1.32,6.11,66.04,6.89,8.33,79,38.89,5.12,0.09,758.23,20.76,84.96,0.94,..0.97
3,100,3.37,7.03,62.43,1.97,7.48,84.13,92.91,4.09,0.82,827.87,82.88,71.54,0.94,..0.97
5.54,100,3.89,6.05,75.52,3.95,4.39,39.77,98.38,7.04,0.15,62.9,65.92,21.79,0.94,..0.97
6.75,100,9.71,7.09,42.75,3.91,9.54,49.03,94.75,7.76,0.71,37.9,45.6,30.1,0.94,..0.97
9.83,100,5.93,9.03,70.63,1.97,5.07,39.42,86.03,2.53,0.23,390.2,54.42,3.93,0.95,..0.97
9.11,100,2.34,6.06,51.72,2.94,5.78,30.81,59.52,6.5,0.28,11.98,5.05,65.77,0.95,..0.97
5.95,100,9.79,8.42,2.11,1.58,2.39,61.44,58.19,9.65,0.7,0,41.18,73.44,0.95,..0.97
9.11,100,4.27,6.04,72.87,2.96,3.98,49.26,64.11,4.87,0.1,353.01,72.55,71.68,0.95,..0.97
5.21,100,6.3,9.03,69.05,1.97,6.85,58.32,55.65,8.44,0.12,57.14,73.94,12.99,0.95,..0.97
8.7,100,8.66,6.58,41.01,3.42,4.13,81.25,0.14,3.03,0.19,609.47,39.34,27.1,0.95,..0.97
7.25,100,4.56,7.04,46.67,1.96,4.1,50.47,94.05,5.89,0.78,847.67,8.91,37.33,0.95,..0.97
4.88,100,4.94,7.16,19.12,2.84,3.68,64.4,17.55,4.81,0.85,114.86,52.19,36.67,0.95,..0.97
9.89,100,9.87,1.46,19.52,8.54,9.61,91.51,95.71,8.58,0.88,704.46,24.46,86.4,0.95,..0.97
1.39,100,5.43,7.03,74.86,1.97,8.26,9.12,49.99,3.78,0.05,27.74,59.4,98.1,0.95,..0.97
8.87,100,7.47,5.13,30.96,3.87,5.76,97.08,81.86,5.89,0.95,591.64,54.66,1.55,0.96,..0.97
6.17,100,3.08,5.07,91.27,5.93,4.63,55.48,95.52,4.85,0.59,891.43,61.94,33.66,0.96,..0.97
8.19,100,0.08,8.02,81.69,1.98,4.21,43.08,90.58,8.07,0.78,517.03,66.4,57.21,0.96,..0.97
2.82,100,4.75,7.02,61.48,0.98,1.93,43.71,82.37,8.28,0.43,165.59,64.04,93.38,0.96,..0.97
8.8,99.43,7.28,4.69,40.29,3.31,8.8,59.38,41.08,8.49,0.39,0,13.98,32.4,0.96,..0.97
4.32,100,7.37,6.38,5.22,1.62,8.81,44.99,37.11,8.36,0.2,730.29,64.75,96.89,0.96,..0.97
3.93,100,3.6,9.13,15.59,1.87,1.77,93.68,49.98,7.88,0.65,717.43,95.98,21.57,0.96,..0.97
7.67,100,6.08,5.07,67.33,4.93,5.75,7.13,44.99,6.56,0.54,608.78,50.47,28.62,0.96,..0.97
1.61,79.42,2.24,1.81,93.74,2.19,9.06,28.78,69.56,8.67,0.01,913.78,1.63,65.19,0.96,..0.97
9.52,100,3.4,7.03,67.15,1.97,5.92,11.52,36.8,8.16,0.35,629.43,87.84,56.83,0.96,..0.97
4.95,100,3.78,5.07,40.57,2.93,8.22,16.94,71.49,3.09,0.33,18.95,21.98,69.57,0.97,..0.97
6.37,100,6.94,3.08,48.3,3.92,6.09,42.77,13.14,6.2,0.14,600.85,35.12,16,0.97,..0.97
5.37,100,0.73,9.01,67.99,0.99,7.74,40.47,40.42,1.97,0.41,575.65,46.73,39.15,0.97,0.97..1
5.08,100,0.86,6.07,43.41,2.93,1.77,35.66,83.24,9.52,0.51,493.89,65.25,93.24,0.97,0.97..1
4.92,100,9.49,8.02,47.26,0.98,4.7,14.84,60.73,8.99,0.66,134.88,59.15,14.98,0.97,0.97..1
2.05,87.45,0.51,5.14,35.72,0.86,5.32,64.23,4.66,3.63,0.87,326.88,5.19,35.59,0.97,0.97..1
0.99,100,3.49,7.06,35.91,1.94,6.47,4.3,66.56,6.12,0.02,861.92,80.13,51.86,0.97,0.97..1
6.53,100,8.94,4.09,56.37,4.91,6.51,44.4,34.71,5.19,0.78,102.7,92.32,31.29,0.97,0.97..1
2.64,100,6.14,3.07,80.32,5.93,7.02,59.88,98.98,4.84,0.56,8.97,95.23,66.27,0.97,0.97..1
3.84,100,7.98,5.04,75.36,2.96,6.38,25.34,61.03,4.1,0.21,200.19,25.71,97.02,0.97,0.97..1
5.29,100,3.79,5.13,22.53,2.87,9.04,64.22,52.22,7.93,0.26,308.67,83.2,47.94,0.97,0.97..1
6.38,100,7.45,4.8,3.73,2.2,6.66,68.71,64.16,8.61,0.24,174.32,96.99,12.63,0.98,0.97..1
5.76,100,9.92,4.08,52.85,3.92,7.49,78.42,40.26,7.33,0.46,822.37,64.71,80.34,0.98,0.97..1
5.01,100,8.7,3.06,49.7,2.94,9.9,74.82,10.25,7.74,0.52,0,23.83,31.76,0.98,0.97..1
7.41,91.81,8,4.13,36.25,0.87,3.76,68.5,32.62,7.51,0.89,611.21,44.39,43.04,0.98,0.97..1
1.4,99.46,1.41,4.03,57.04,2.97,8.95,14.66,48.97,3.13,0.97,215.15,95.03,29.56,0.98,0.97..1
2.44,100,3.01,5.18,16.24,2.82,5.78,60.22,65.99,9.99,0.45,97.74,11.75,8.86,0.98,0.97..1
5.86,100,7.09,7.03,64.08,1.97,4.29,33.45,92.98,9,0.18,449.46,58.54,51.5,0.98,0.97..1
7.17,100,4.9,7.01,87.05,0.99,7.33,94.36,57.79,8.38,0.44,727.88,95.58,98.82,0.98,0.97..1
3.17,100,5.99,7.08,39.51,2.92,9.93,20.28,30.57,9.79,0.29,720.82,59.6,34.57,0.98,0.97..1
0.62,100,9.86,7.02,84,1.98,6.26,68.51,92.25,3.74,0.75,143.28,15.47,95.27,0.98,0.97..1
0.45,100,0.64,3.04,99,3.96,8.53,51.76,47.73,8.45,0.91,592.33,56.18,70.31,0.98,0.97..1
3.75,100,7.03,3.12,33.1,3.88,9,18.73,85.24,3.64,0.49,0,78.4,30.99,0.98,0.97..1
3.26,100,2.84,4.25,15.75,3.75,9.21,56.33,96.31,2.43,0.74,0,86.96,66.26,0.98,0.97..1
5.03,96.85,9.28,9.59,33.68,0.41,3.31,31.36,48.99,3.22,0.24,895.3,4.98,33.53,0.98,0.97..1
6.14,90.39,9.65,3.67,27.82,0.33,8.49,21.1,4.95,3.22,0.94,31.3,36.61,94.91,0.99,0.97..1
8.66,100,0.9,3.32,15.87,4.68,5.67,35.35,24.81,7.21,0.86,205.8,58.2,78.68,0.99,0.97..1
2.05,100,0.99,5.02,48.23,0.98,9.32,44.05,44.75,6.69,0.68,677.84,75.83,53.85,0.99,0.97..1
1.2,100,3.12,4.04,50.31,1.96,8,85.77,16.21,6.42,0.28,83.02,91.17,5.36,0.99,0.97..1
0.96,100,3.89,2.08,47.77,3.92,6.08,37.97,57.5,7.72,0.73,0,30.35,76,0.99,0.97..1
1.79,98.14,1.01,3.99,8.32,0.01,8.62,19.31,92.51,3.62,0.42,617.71,5.41,95.41,0.99,0.97..1
4.39,100,0.21,2.05,19.79,0.95,8.37,62.79,27.32,6.45,0.59,148.97,54.69,75.21,1,0.97..1
9.2,100,6.43,5.01,95.28,0.99,8.84,38.01,42.23,6.06,0.93,699.59,60.26,60.76,1,0.97..1
3.08,100,5.37,2.06,31.36,1.94,8.58,62.11,24.99,8.65,0.6,0,87.79,8.25,1,0.97..1
9.68,100,5.03,2.04,49.79,1.96,5.7,74.44,42.8,9.12,0.06,148.56,51.38,47.38,1,0.97..1
2.54,100,6.82,4.04,67.75,2.96,9.18,76.82,32.41,4.05,0.41,144.73,97.17,54.51,1,0.97..1
8.29,100,5.63,4.15,19.9,2.85,8.52,93.02,9.4,7.26,0.6,507.7,22.81,16.21,1,0.97..1
8.13,100,2.78,6.02,41.41,0.98,4.44,34.59,49.38,9.08,0.63,446.13,46.9,14.85,1,0.97..1
1.8,100,0.4,5.44,2.26,0.56,9.5,4.6,84.38,5.3,0.9,562.99,48.74,93.33,1,0.97..1
6.84,100,9.44,4.13,30.94,3.87,9.67,66.46,84.12,8.9,0.83,854.84,93.84,17.12,1,0.97..1
1.35,100,8.13,6.54,1.3,0.46,2.08,99.34,62.38,9.45,0.97,0,66.63,27.77,1,0.97..1
0.48,100,6.14,4.02,56.21,0.98,7.34,63.49,3.12,5.4,0.76,0,95.3,90.14,1,0.97..1
